{"/Users/olivier/Documents/dev/workspace/sunday/bookings-service/build/app.js": {"path":"/Users/olivier/Documents/dev/workspace/sunday/bookings-service/build/app.js","all":false,"statementMap":{"0":{"start":{"line":1,"column":0},"end":{"line":1,"column":13}},"1":{"start":{"line":2,"column":0},"end":{"line":2,"column":33}},"2":{"start":{"line":3,"column":0},"end":{"line":3,"column":31}},"3":{"start":{"line":4,"column":0},"end":{"line":4,"column":33}},"4":{"start":{"line":5,"column":0},"end":{"line":5,"column":20}},"5":{"start":{"line":6,"column":0},"end":{"line":6,"column":23}},"6":{"start":{"line":7,"column":0},"end":{"line":7,"column":24}},"7":{"start":{"line":8,"column":0},"end":{"line":8,"column":21}},"8":{"start":{"line":9,"column":0},"end":{"line":9,"column":21}}},"s":{"0":1,"1":1,"2":1,"3":1,"4":1,"5":1,"6":1,"7":1,"8":1},"branchMap":{"0":{"type":"branch","line":1,"loc":{"start":{"line":1,"column":0},"end":{"line":9,"column":21}},"locations":[{"start":{"line":1,"column":0},"end":{"line":9,"column":21}}]},"1":{"type":"branch","line":1,"loc":{"start":{"line":1,"column":0},"end":{"line":9,"column":21}},"locations":[{"start":{"line":1,"column":0},"end":{"line":9,"column":21}}]}},"b":{"0":[1],"1":[1]},"fnMap":{"0":{"name":"Object.<anonymous>","decl":{"start":{"line":1,"column":0},"end":{"line":9,"column":21}},"loc":{"start":{"line":1,"column":0},"end":{"line":9,"column":21}},"line":1}},"f":{"0":1}}
,"/Users/olivier/Documents/dev/workspace/sunday/bookings-service/build/routes.js": {"path":"/Users/olivier/Documents/dev/workspace/sunday/bookings-service/build/routes.js","all":false,"statementMap":{"0":{"start":{"line":1,"column":0},"end":{"line":1,"column":13}},"1":{"start":{"line":2,"column":0},"end":{"line":2,"column":55}},"2":{"start":{"line":3,"column":0},"end":{"line":3,"column":45}},"3":{"start":{"line":4,"column":0},"end":{"line":4,"column":62}},"4":{"start":{"line":5,"column":0},"end":{"line":5,"column":29}},"5":{"start":{"line":6,"column":0},"end":{"line":6,"column":76}},"6":{"start":{"line":7,"column":0},"end":{"line":7,"column":28}},"7":{"start":{"line":8,"column":0},"end":{"line":8,"column":9}},"8":{"start":{"line":9,"column":0},"end":{"line":9,"column":17}},"9":{"start":{"line":10,"column":0},"end":{"line":10,"column":6}},"10":{"start":{"line":11,"column":0},"end":{"line":11,"column":43}},"11":{"start":{"line":12,"column":0},"end":{"line":12,"column":2}},"12":{"start":{"line":13,"column":0},"end":{"line":13,"column":90}},"13":{"start":{"line":14,"column":0},"end":{"line":14,"column":112}},"14":{"start":{"line":15,"column":0},"end":{"line":15,"column":64}},"15":{"start":{"line":16,"column":0},"end":{"line":16,"column":99}},"16":{"start":{"line":17,"column":0},"end":{"line":17,"column":102}},"17":{"start":{"line":18,"column":0},"end":{"line":18,"column":118}},"18":{"start":{"line":19,"column":0},"end":{"line":19,"column":78}},"19":{"start":{"line":20,"column":0},"end":{"line":20,"column":7}},"20":{"start":{"line":21,"column":0},"end":{"line":21,"column":2}},"21":{"start":{"line":22,"column":0},"end":{"line":22,"column":74}},"22":{"start":{"line":23,"column":0},"end":{"line":23,"column":117}},"23":{"start":{"line":24,"column":0},"end":{"line":24,"column":157}},"24":{"start":{"line":25,"column":0},"end":{"line":25,"column":70}},"25":{"start":{"line":26,"column":0},"end":{"line":26,"column":23}},"26":{"start":{"line":27,"column":0},"end":{"line":27,"column":70}},"27":{"start":{"line":28,"column":0},"end":{"line":28,"column":23}},"28":{"start":{"line":29,"column":0},"end":{"line":29,"column":169}},"29":{"start":{"line":30,"column":0},"end":{"line":30,"column":52}},"30":{"start":{"line":31,"column":0},"end":{"line":31,"column":28}},"31":{"start":{"line":32,"column":0},"end":{"line":32,"column":46}},"32":{"start":{"line":33,"column":0},"end":{"line":33,"column":72}},"33":{"start":{"line":34,"column":0},"end":{"line":34,"column":65}},"34":{"start":{"line":35,"column":0},"end":{"line":35,"column":65}},"35":{"start":{"line":36,"column":0},"end":{"line":36,"column":24}},"36":{"start":{"line":37,"column":0},"end":{"line":37,"column":128}},"37":{"start":{"line":38,"column":0},"end":{"line":38,"column":106}},"38":{"start":{"line":39,"column":0},"end":{"line":39,"column":89}},"39":{"start":{"line":40,"column":0},"end":{"line":40,"column":87}},"40":{"start":{"line":41,"column":0},"end":{"line":41,"column":42}},"41":{"start":{"line":42,"column":0},"end":{"line":42,"column":43}},"42":{"start":{"line":43,"column":0},"end":{"line":43,"column":13}},"43":{"start":{"line":44,"column":0},"end":{"line":44,"column":39}},"44":{"start":{"line":45,"column":0},"end":{"line":45,"column":66}},"45":{"start":{"line":46,"column":0},"end":{"line":46,"column":89}},"46":{"start":{"line":47,"column":0},"end":{"line":47,"column":5}},"47":{"start":{"line":48,"column":0},"end":{"line":48,"column":2}},"48":{"start":{"line":49,"column":0},"end":{"line":49,"column":33}},"49":{"start":{"line":50,"column":0},"end":{"line":50,"column":76}},"50":{"start":{"line":51,"column":0},"end":{"line":51,"column":32}},"51":{"start":{"line":52,"column":0},"end":{"line":52,"column":129}},"52":{"start":{"line":53,"column":0},"end":{"line":53,"column":20}},"53":{"start":{"line":54,"column":0},"end":{"line":54,"column":51}},"54":{"start":{"line":55,"column":0},"end":{"line":55,"column":41}},"55":{"start":{"line":56,"column":0},"end":{"line":56,"column":10}},"56":{"start":{"line":57,"column":0},"end":{"line":57,"column":75}},"57":{"start":{"line":58,"column":0},"end":{"line":58,"column":49}},"58":{"start":{"line":59,"column":0},"end":{"line":59,"column":30}},"59":{"start":{"line":60,"column":0},"end":{"line":60,"column":84}},"60":{"start":{"line":61,"column":0},"end":{"line":61,"column":32}},"61":{"start":{"line":62,"column":0},"end":{"line":62,"column":23}},"62":{"start":{"line":63,"column":0},"end":{"line":63,"column":17}},"63":{"start":{"line":64,"column":0},"end":{"line":64,"column":139}},"64":{"start":{"line":65,"column":0},"end":{"line":65,"column":66}},"65":{"start":{"line":66,"column":0},"end":{"line":66,"column":11}},"66":{"start":{"line":67,"column":0},"end":{"line":67,"column":2}},"67":{"start":{"line":68,"column":0},"end":{"line":68,"column":13}},"68":{"start":{"line":69,"column":0},"end":{"line":69,"column":49}},"69":{"start":{"line":70,"column":0},"end":{"line":70,"column":47}},"70":{"start":{"line":71,"column":0},"end":{"line":71,"column":2}},"71":{"start":{"line":72,"column":0},"end":{"line":72,"column":114}},"72":{"start":{"line":73,"column":0},"end":{"line":73,"column":54}},"73":{"start":{"line":74,"column":0},"end":{"line":74,"column":44}},"74":{"start":{"line":75,"column":0},"end":{"line":75,"column":27}},"75":{"start":{"line":76,"column":0},"end":{"line":76,"column":19}},"76":{"start":{"line":77,"column":0},"end":{"line":77,"column":109}},"77":{"start":{"line":78,"column":0},"end":{"line":78,"column":28}},"78":{"start":{"line":79,"column":0},"end":{"line":79,"column":64}},"79":{"start":{"line":80,"column":0},"end":{"line":80,"column":42}},"80":{"start":{"line":81,"column":0},"end":{"line":81,"column":53}},"81":{"start":{"line":82,"column":0},"end":{"line":82,"column":54}},"82":{"start":{"line":83,"column":0},"end":{"line":83,"column":28}},"83":{"start":{"line":84,"column":0},"end":{"line":84,"column":17}},"84":{"start":{"line":85,"column":0},"end":{"line":85,"column":53}},"85":{"start":{"line":86,"column":0},"end":{"line":86,"column":64}},"86":{"start":{"line":87,"column":0},"end":{"line":87,"column":42}},"87":{"start":{"line":88,"column":0},"end":{"line":88,"column":55}},"88":{"start":{"line":89,"column":0},"end":{"line":89,"column":55}},"89":{"start":{"line":90,"column":0},"end":{"line":90,"column":28}},"90":{"start":{"line":91,"column":0},"end":{"line":91,"column":17}},"91":{"start":{"line":92,"column":0},"end":{"line":92,"column":53}},"92":{"start":{"line":93,"column":0},"end":{"line":93,"column":165}},"93":{"start":{"line":94,"column":0},"end":{"line":94,"column":35}},"94":{"start":{"line":95,"column":0},"end":{"line":95,"column":19}},"95":{"start":{"line":96,"column":0},"end":{"line":96,"column":37}},"96":{"start":{"line":97,"column":0},"end":{"line":97,"column":70}},"97":{"start":{"line":98,"column":0},"end":{"line":98,"column":9}},"98":{"start":{"line":99,"column":0},"end":{"line":99,"column":7}},"99":{"start":{"line":100,"column":0},"end":{"line":100,"column":8}},"100":{"start":{"line":101,"column":0},"end":{"line":101,"column":2}},"101":{"start":{"line":102,"column":0},"end":{"line":102,"column":16}},"102":{"start":{"line":103,"column":0},"end":{"line":103,"column":49}},"103":{"start":{"line":104,"column":0},"end":{"line":104,"column":30}},"104":{"start":{"line":105,"column":0},"end":{"line":105,"column":2}},"105":{"start":{"line":106,"column":0},"end":{"line":106,"column":117}},"106":{"start":{"line":107,"column":0},"end":{"line":107,"column":16}},"107":{"start":{"line":108,"column":0},"end":{"line":108,"column":44}},"108":{"start":{"line":109,"column":0},"end":{"line":109,"column":27}},"109":{"start":{"line":110,"column":0},"end":{"line":110,"column":57}},"110":{"start":{"line":111,"column":0},"end":{"line":111,"column":28}},"111":{"start":{"line":112,"column":0},"end":{"line":112,"column":38}},"112":{"start":{"line":113,"column":0},"end":{"line":113,"column":18}},"113":{"start":{"line":114,"column":0},"end":{"line":114,"column":31}},"114":{"start":{"line":115,"column":0},"end":{"line":115,"column":19}},"115":{"start":{"line":116,"column":0},"end":{"line":116,"column":41}},"116":{"start":{"line":117,"column":0},"end":{"line":117,"column":31}},"117":{"start":{"line":118,"column":0},"end":{"line":118,"column":64}},"118":{"start":{"line":119,"column":0},"end":{"line":119,"column":42}},"119":{"start":{"line":120,"column":0},"end":{"line":120,"column":54}},"120":{"start":{"line":121,"column":0},"end":{"line":121,"column":57}},"121":{"start":{"line":122,"column":0},"end":{"line":122,"column":28}},"122":{"start":{"line":123,"column":0},"end":{"line":123,"column":17}},"123":{"start":{"line":124,"column":0},"end":{"line":124,"column":69}},"124":{"start":{"line":125,"column":0},"end":{"line":125,"column":9}},"125":{"start":{"line":126,"column":0},"end":{"line":126,"column":7}},"126":{"start":{"line":127,"column":0},"end":{"line":127,"column":8}},"127":{"start":{"line":128,"column":0},"end":{"line":128,"column":2}},"128":{"start":{"line":129,"column":0},"end":{"line":129,"column":17}},"129":{"start":{"line":130,"column":0},"end":{"line":130,"column":49}},"130":{"start":{"line":131,"column":0},"end":{"line":131,"column":34}},"131":{"start":{"line":132,"column":0},"end":{"line":132,"column":29}},"132":{"start":{"line":133,"column":0},"end":{"line":133,"column":2}},"133":{"start":{"line":134,"column":0},"end":{"line":134,"column":117}},"134":{"start":{"line":135,"column":0},"end":{"line":135,"column":119}},"135":{"start":{"line":136,"column":0},"end":{"line":136,"column":44}},"136":{"start":{"line":137,"column":0},"end":{"line":137,"column":27}},"137":{"start":{"line":138,"column":0},"end":{"line":138,"column":19}},"138":{"start":{"line":139,"column":0},"end":{"line":139,"column":28}},"139":{"start":{"line":140,"column":0},"end":{"line":140,"column":198}},"140":{"start":{"line":141,"column":0},"end":{"line":141,"column":35}},"141":{"start":{"line":142,"column":0},"end":{"line":142,"column":37}},"142":{"start":{"line":143,"column":0},"end":{"line":143,"column":54}},"143":{"start":{"line":144,"column":0},"end":{"line":144,"column":71}},"144":{"start":{"line":145,"column":0},"end":{"line":145,"column":60}},"145":{"start":{"line":146,"column":0},"end":{"line":146,"column":17}},"146":{"start":{"line":147,"column":0},"end":{"line":147,"column":75}},"147":{"start":{"line":148,"column":0},"end":{"line":148,"column":62}},"148":{"start":{"line":149,"column":0},"end":{"line":149,"column":17}},"149":{"start":{"line":150,"column":0},"end":{"line":150,"column":57}},"150":{"start":{"line":151,"column":0},"end":{"line":151,"column":54}},"151":{"start":{"line":152,"column":0},"end":{"line":152,"column":59}},"152":{"start":{"line":153,"column":0},"end":{"line":153,"column":56}},"153":{"start":{"line":154,"column":0},"end":{"line":154,"column":81}},"154":{"start":{"line":155,"column":0},"end":{"line":155,"column":61}},"155":{"start":{"line":156,"column":0},"end":{"line":156,"column":17}},"156":{"start":{"line":157,"column":0},"end":{"line":157,"column":83}},"157":{"start":{"line":158,"column":0},"end":{"line":158,"column":62}},"158":{"start":{"line":159,"column":0},"end":{"line":159,"column":17}},"159":{"start":{"line":160,"column":0},"end":{"line":160,"column":91}},"160":{"start":{"line":161,"column":0},"end":{"line":161,"column":63}},"161":{"start":{"line":162,"column":0},"end":{"line":162,"column":17}},"162":{"start":{"line":163,"column":0},"end":{"line":163,"column":40}},"163":{"start":{"line":164,"column":0},"end":{"line":164,"column":64}},"164":{"start":{"line":165,"column":0},"end":{"line":165,"column":42}},"165":{"start":{"line":166,"column":0},"end":{"line":166,"column":55}},"166":{"start":{"line":167,"column":0},"end":{"line":167,"column":43}},"167":{"start":{"line":168,"column":0},"end":{"line":168,"column":28}},"168":{"start":{"line":169,"column":0},"end":{"line":169,"column":17}},"169":{"start":{"line":170,"column":0},"end":{"line":170,"column":357}},"170":{"start":{"line":171,"column":0},"end":{"line":171,"column":53}},"171":{"start":{"line":172,"column":0},"end":{"line":172,"column":32}},"172":{"start":{"line":173,"column":0},"end":{"line":173,"column":31}},"173":{"start":{"line":174,"column":0},"end":{"line":174,"column":22}},"174":{"start":{"line":175,"column":0},"end":{"line":175,"column":48}},"175":{"start":{"line":176,"column":0},"end":{"line":176,"column":19}},"176":{"start":{"line":177,"column":0},"end":{"line":177,"column":48}},"177":{"start":{"line":178,"column":0},"end":{"line":178,"column":38}},"178":{"start":{"line":179,"column":0},"end":{"line":179,"column":64}},"179":{"start":{"line":180,"column":0},"end":{"line":180,"column":42}},"180":{"start":{"line":181,"column":0},"end":{"line":181,"column":54}},"181":{"start":{"line":182,"column":0},"end":{"line":182,"column":28}},"182":{"start":{"line":183,"column":0},"end":{"line":183,"column":17}},"183":{"start":{"line":184,"column":0},"end":{"line":184,"column":89}},"184":{"start":{"line":185,"column":0},"end":{"line":185,"column":9}},"185":{"start":{"line":186,"column":0},"end":{"line":186,"column":7}},"186":{"start":{"line":187,"column":0},"end":{"line":187,"column":8}},"187":{"start":{"line":188,"column":0},"end":{"line":188,"column":2}},"188":{"start":{"line":189,"column":0},"end":{"line":189,"column":16}},"189":{"start":{"line":190,"column":0},"end":{"line":190,"column":52}},"190":{"start":{"line":191,"column":0},"end":{"line":191,"column":64}},"191":{"start":{"line":192,"column":0},"end":{"line":192,"column":2}},"192":{"start":{"line":193,"column":0},"end":{"line":193,"column":120}},"193":{"start":{"line":194,"column":0},"end":{"line":194,"column":23}},"194":{"start":{"line":195,"column":0},"end":{"line":195,"column":44}},"195":{"start":{"line":196,"column":0},"end":{"line":196,"column":27}},"196":{"start":{"line":197,"column":0},"end":{"line":197,"column":57}},"197":{"start":{"line":198,"column":0},"end":{"line":198,"column":28}},"198":{"start":{"line":199,"column":0},"end":{"line":199,"column":38}},"199":{"start":{"line":200,"column":0},"end":{"line":200,"column":18}},"200":{"start":{"line":201,"column":0},"end":{"line":201,"column":31}},"201":{"start":{"line":202,"column":0},"end":{"line":202,"column":19}},"202":{"start":{"line":203,"column":0},"end":{"line":203,"column":43}},"203":{"start":{"line":204,"column":0},"end":{"line":204,"column":43}},"204":{"start":{"line":205,"column":0},"end":{"line":205,"column":64}},"205":{"start":{"line":206,"column":0},"end":{"line":206,"column":42}},"206":{"start":{"line":207,"column":0},"end":{"line":207,"column":54}},"207":{"start":{"line":208,"column":0},"end":{"line":208,"column":57}},"208":{"start":{"line":209,"column":0},"end":{"line":209,"column":28}},"209":{"start":{"line":210,"column":0},"end":{"line":210,"column":17}},"210":{"start":{"line":211,"column":0},"end":{"line":211,"column":60}},"211":{"start":{"line":212,"column":0},"end":{"line":212,"column":42}},"212":{"start":{"line":213,"column":0},"end":{"line":213,"column":24}},"213":{"start":{"line":214,"column":0},"end":{"line":214,"column":9}},"214":{"start":{"line":215,"column":0},"end":{"line":215,"column":7}},"215":{"start":{"line":216,"column":0},"end":{"line":216,"column":8}},"216":{"start":{"line":217,"column":0},"end":{"line":217,"column":2}},"217":{"start":{"line":218,"column":0},"end":{"line":218,"column":14}},"218":{"start":{"line":219,"column":0},"end":{"line":219,"column":50}},"219":{"start":{"line":220,"column":0},"end":{"line":220,"column":89}},"220":{"start":{"line":221,"column":0},"end":{"line":221,"column":27}},"221":{"start":{"line":222,"column":0},"end":{"line":222,"column":2}},"222":{"start":{"line":223,"column":0},"end":{"line":223,"column":115}},"223":{"start":{"line":224,"column":0},"end":{"line":224,"column":116}},"224":{"start":{"line":225,"column":0},"end":{"line":225,"column":44}},"225":{"start":{"line":226,"column":0},"end":{"line":226,"column":27}},"226":{"start":{"line":227,"column":0},"end":{"line":227,"column":19}},"227":{"start":{"line":228,"column":0},"end":{"line":228,"column":28}},"228":{"start":{"line":229,"column":0},"end":{"line":229,"column":198}},"229":{"start":{"line":230,"column":0},"end":{"line":230,"column":71}},"230":{"start":{"line":231,"column":0},"end":{"line":231,"column":60}},"231":{"start":{"line":232,"column":0},"end":{"line":232,"column":17}},"232":{"start":{"line":233,"column":0},"end":{"line":233,"column":75}},"233":{"start":{"line":234,"column":0},"end":{"line":234,"column":62}},"234":{"start":{"line":235,"column":0},"end":{"line":235,"column":17}},"235":{"start":{"line":236,"column":0},"end":{"line":236,"column":57}},"236":{"start":{"line":237,"column":0},"end":{"line":237,"column":54}},"237":{"start":{"line":238,"column":0},"end":{"line":238,"column":59}},"238":{"start":{"line":239,"column":0},"end":{"line":239,"column":56}},"239":{"start":{"line":240,"column":0},"end":{"line":240,"column":81}},"240":{"start":{"line":241,"column":0},"end":{"line":241,"column":61}},"241":{"start":{"line":242,"column":0},"end":{"line":242,"column":17}},"242":{"start":{"line":243,"column":0},"end":{"line":243,"column":83}},"243":{"start":{"line":244,"column":0},"end":{"line":244,"column":62}},"244":{"start":{"line":245,"column":0},"end":{"line":245,"column":17}},"245":{"start":{"line":246,"column":0},"end":{"line":246,"column":106}},"246":{"start":{"line":247,"column":0},"end":{"line":247,"column":63}},"247":{"start":{"line":248,"column":0},"end":{"line":248,"column":17}},"248":{"start":{"line":249,"column":0},"end":{"line":249,"column":40}},"249":{"start":{"line":250,"column":0},"end":{"line":250,"column":64}},"250":{"start":{"line":251,"column":0},"end":{"line":251,"column":42}},"251":{"start":{"line":252,"column":0},"end":{"line":252,"column":55}},"252":{"start":{"line":253,"column":0},"end":{"line":253,"column":43}},"253":{"start":{"line":254,"column":0},"end":{"line":254,"column":28}},"254":{"start":{"line":255,"column":0},"end":{"line":255,"column":17}},"255":{"start":{"line":256,"column":0},"end":{"line":256,"column":379}},"256":{"start":{"line":257,"column":0},"end":{"line":257,"column":77}},"257":{"start":{"line":258,"column":0},"end":{"line":258,"column":19}},"258":{"start":{"line":259,"column":0},"end":{"line":259,"column":49}},"259":{"start":{"line":260,"column":0},"end":{"line":260,"column":90}},"260":{"start":{"line":261,"column":0},"end":{"line":261,"column":9}},"261":{"start":{"line":262,"column":0},"end":{"line":262,"column":7}},"262":{"start":{"line":263,"column":0},"end":{"line":263,"column":8}},"263":{"start":{"line":264,"column":0},"end":{"line":264,"column":24}}},"s":{"0":1,"1":1,"2":2,"3":0,"4":0,"5":0,"6":0,"7":0,"8":0,"9":2,"10":2,"11":1,"12":1,"13":22,"14":22,"15":22,"16":22,"17":22,"18":22,"19":22,"20":1,"21":1,"22":22,"23":22,"24":22,"25":22,"26":33,"27":33,"28":66,"29":66,"30":66,"31":66,"32":66,"33":66,"34":66,"35":66,"36":22,"37":22,"38":22,"39":22,"40":0,"41":0,"42":66,"43":33,"44":66,"45":33,"46":33,"47":1,"48":1,"49":1,"50":1,"51":1,"52":1,"53":1,"54":1,"55":1,"56":1,"57":1,"58":1,"59":1,"60":21,"61":1,"62":1,"63":1,"64":1,"65":1,"66":1,"67":1,"68":1,"69":1,"70":1,"71":1,"72":6,"73":6,"74":10,"75":10,"76":6,"77":6,"78":1,"79":1,"80":1,"81":1,"82":1,"83":1,"84":6,"85":1,"86":1,"87":1,"88":1,"89":1,"90":1,"91":4,"92":6,"93":6,"94":10,"95":4,"96":4,"97":10,"98":6,"99":1,"100":1,"101":1,"102":1,"103":1,"104":1,"105":1,"106":2,"107":2,"108":4,"109":4,"110":2,"111":2,"112":2,"113":2,"114":4,"115":2,"116":2,"117":1,"118":1,"119":1,"120":1,"121":1,"122":1,"123":1,"124":4,"125":2,"126":1,"127":1,"128":1,"129":1,"130":1,"131":1,"132":1,"133":1,"134":6,"135":6,"136":8,"137":8,"138":6,"139":6,"140":6,"141":6,"142":6,"143":6,"144":1,"145":1,"146":6,"147":1,"148":1,"149":6,"150":6,"151":6,"152":6,"153":6,"154":1,"155":1,"156":6,"157":1,"158":1,"159":6,"160":1,"161":1,"162":6,"163":4,"164":4,"165":4,"166":4,"167":4,"168":4,"169":6,"170":6,"171":6,"172":6,"173":6,"174":6,"175":8,"176":2,"177":2,"178":1,"179":1,"180":1,"181":1,"182":1,"183":1,"184":8,"185":6,"186":1,"187":1,"188":1,"189":1,"190":1,"191":1,"192":1,"193":2,"194":2,"195":4,"196":4,"197":2,"198":2,"199":2,"200":2,"201":4,"202":2,"203":2,"204":1,"205":1,"206":1,"207":1,"208":1,"209":1,"210":1,"211":1,"212":1,"213":4,"214":2,"215":1,"216":1,"217":1,"218":1,"219":1,"220":1,"221":1,"222":1,"223":5,"224":5,"225":6,"226":6,"227":5,"228":5,"229":5,"230":2,"231":2,"232":5,"233":2,"234":2,"235":5,"236":5,"237":5,"238":5,"239":5,"240":2,"241":2,"242":5,"243":2,"244":2,"245":5,"246":1,"247":1,"248":5,"249":4,"250":4,"251":4,"252":4,"253":4,"254":4,"255":5,"256":5,"257":6,"258":1,"259":1,"260":6,"261":5,"262":1,"263":1},"branchMap":{"0":{"type":"branch","line":1,"loc":{"start":{"line":1,"column":0},"end":{"line":264,"column":24}},"locations":[{"start":{"line":1,"column":0},"end":{"line":264,"column":24}}]},"1":{"type":"branch","line":1,"loc":{"start":{"line":1,"column":0},"end":{"line":264,"column":24}},"locations":[{"start":{"line":1,"column":0},"end":{"line":264,"column":24}}]},"2":{"type":"branch","line":2,"loc":{"start":{"line":2,"column":42},"end":{"line":12,"column":1}},"locations":[{"start":{"line":2,"column":42},"end":{"line":12,"column":1}}]},"3":{"type":"branch","line":3,"loc":{"start":{"line":3,"column":29},"end":{"line":10,"column":5}},"locations":[{"start":{"line":3,"column":29},"end":{"line":10,"column":5}}]},"4":{"type":"branch","line":13,"loc":{"start":{"line":13,"column":44},"end":{"line":21,"column":1}},"locations":[{"start":{"line":13,"column":44},"end":{"line":21,"column":1}}]},"5":{"type":"branch","line":14,"loc":{"start":{"line":14,"column":4},"end":{"line":14,"column":112}},"locations":[{"start":{"line":14,"column":4},"end":{"line":14,"column":112}}]},"6":{"type":"branch","line":14,"loc":{"start":{"line":14,"column":54},"end":{"line":14,"column":61}},"locations":[{"start":{"line":14,"column":54},"end":{"line":14,"column":61}}]},"7":{"type":"branch","line":14,"loc":{"start":{"line":14,"column":70},"end":{"line":14,"column":108}},"locations":[{"start":{"line":14,"column":70},"end":{"line":14,"column":108}}]},"8":{"type":"branch","line":15,"loc":{"start":{"line":15,"column":36},"end":{"line":20,"column":5}},"locations":[{"start":{"line":15,"column":36},"end":{"line":20,"column":5}}]},"9":{"type":"branch","line":16,"loc":{"start":{"line":16,"column":8},"end":{"line":16,"column":99}},"locations":[{"start":{"line":16,"column":8},"end":{"line":16,"column":99}}]},"10":{"type":"branch","line":16,"loc":{"start":{"line":16,"column":73},"end":{"line":16,"column":97}},"locations":[{"start":{"line":16,"column":73},"end":{"line":16,"column":97}}]},"11":{"type":"branch","line":18,"loc":{"start":{"line":18,"column":8},"end":{"line":18,"column":118}},"locations":[{"start":{"line":18,"column":8},"end":{"line":18,"column":118}}]},"12":{"type":"branch","line":18,"loc":{"start":{"line":18,"column":44},"end":{"line":18,"column":67}},"locations":[{"start":{"line":18,"column":44},"end":{"line":18,"column":67}}]},"13":{"type":"branch","line":18,"loc":{"start":{"line":18,"column":68},"end":{"line":18,"column":115}},"locations":[{"start":{"line":18,"column":68},"end":{"line":18,"column":115}}]},"14":{"type":"branch","line":22,"loc":{"start":{"line":22,"column":48},"end":{"line":48,"column":1}},"locations":[{"start":{"line":22,"column":48},"end":{"line":48,"column":1}}]},"15":{"type":"branch","line":23,"loc":{"start":{"line":23,"column":30},"end":{"line":23,"column":83}},"locations":[{"start":{"line":23,"column":30},"end":{"line":23,"column":83}}]},"16":{"type":"branch","line":23,"loc":{"start":{"line":23,"column":57},"end":{"line":23,"column":68}},"locations":[{"start":{"line":23,"column":57},"end":{"line":23,"column":68}}]},"17":{"type":"branch","line":25,"loc":{"start":{"line":25,"column":4},"end":{"line":25,"column":70}},"locations":[{"start":{"line":25,"column":4},"end":{"line":25,"column":70}}]},"18":{"type":"branch","line":25,"loc":{"start":{"line":25,"column":30},"end":{"line":25,"column":67}},"locations":[{"start":{"line":25,"column":30},"end":{"line":25,"column":67}}]},"19":{"type":"branch","line":26,"loc":{"start":{"line":26,"column":4},"end":{"line":47,"column":5}},"locations":[{"start":{"line":26,"column":4},"end":{"line":47,"column":5}}]},"20":{"type":"branch","line":27,"loc":{"start":{"line":27,"column":15},"end":{"line":27,"column":70}},"locations":[{"start":{"line":27,"column":15},"end":{"line":27,"column":70}}]},"21":{"type":"branch","line":28,"loc":{"start":{"line":28,"column":18},"end":{"line":45,"column":66}},"locations":[{"start":{"line":28,"column":18},"end":{"line":45,"column":66}}]},"22":{"type":"branch","line":29,"loc":{"start":{"line":29,"column":25},"end":{"line":29,"column":126}},"locations":[{"start":{"line":29,"column":25},"end":{"line":29,"column":126}}]},"23":{"type":"branch","line":29,"loc":{"start":{"line":29,"column":127},"end":{"line":29,"column":158}},"locations":[{"start":{"line":29,"column":127},"end":{"line":29,"column":158}}]},"24":{"type":"branch","line":29,"loc":{"start":{"line":29,"column":160},"end":{"line":29,"column":169}},"locations":[{"start":{"line":29,"column":160},"end":{"line":29,"column":169}}]},"25":{"type":"branch","line":30,"loc":{"start":{"line":30,"column":26},"end":{"line":30,"column":52}},"locations":[{"start":{"line":30,"column":26},"end":{"line":30,"column":52}}]},"26":{"type":"branch","line":32,"loc":{"start":{"line":32,"column":16},"end":{"line":32,"column":23}},"locations":[{"start":{"line":32,"column":16},"end":{"line":32,"column":23}}]},"27":{"type":"branch","line":32,"loc":{"start":{"line":32,"column":24},"end":{"line":32,"column":46}},"locations":[{"start":{"line":32,"column":24},"end":{"line":32,"column":46}}]},"28":{"type":"branch","line":33,"loc":{"start":{"line":33,"column":16},"end":{"line":33,"column":72}},"locations":[{"start":{"line":33,"column":16},"end":{"line":33,"column":72}}]},"29":{"type":"branch","line":34,"loc":{"start":{"line":34,"column":16},"end":{"line":34,"column":65}},"locations":[{"start":{"line":34,"column":16},"end":{"line":34,"column":65}}]},"30":{"type":"branch","line":35,"loc":{"start":{"line":35,"column":16},"end":{"line":35,"column":65}},"locations":[{"start":{"line":35,"column":16},"end":{"line":35,"column":65}}]},"31":{"type":"branch","line":36,"loc":{"start":{"line":36,"column":16},"end":{"line":42,"column":43}},"locations":[{"start":{"line":36,"column":16},"end":{"line":42,"column":43}}]},"32":{"type":"branch","line":37,"loc":{"start":{"line":37,"column":55},"end":{"line":37,"column":73}},"locations":[{"start":{"line":37,"column":55},"end":{"line":37,"column":73}}]},"33":{"type":"branch","line":38,"loc":{"start":{"line":38,"column":-1},"end":{"line":38,"column":77}},"locations":[{"start":{"line":38,"column":-1},"end":{"line":38,"column":77}}]},"34":{"type":"branch","line":38,"loc":{"start":{"line":38,"column":79},"end":{"line":39,"column":53}},"locations":[{"start":{"line":38,"column":79},"end":{"line":39,"column":53}}]},"35":{"type":"branch","line":39,"loc":{"start":{"line":39,"column":55},"end":{"line":40,"column":43}},"locations":[{"start":{"line":39,"column":55},"end":{"line":40,"column":43}}]},"36":{"type":"branch","line":40,"loc":{"start":{"line":40,"column":45},"end":{"line":42,"column":43}},"locations":[{"start":{"line":40,"column":45},"end":{"line":42,"column":43}}]},"37":{"type":"branch","line":44,"loc":{"start":{"line":44,"column":-1},"end":{"line":45,"column":10}},"locations":[{"start":{"line":44,"column":-1},"end":{"line":45,"column":10}}]},"38":{"type":"branch","line":45,"loc":{"start":{"line":45,"column":10},"end":{"line":45,"column":43}},"locations":[{"start":{"line":45,"column":10},"end":{"line":45,"column":43}}]},"39":{"type":"branch","line":45,"loc":{"start":{"line":45,"column":43},"end":{"line":45,"column":44}},"locations":[{"start":{"line":45,"column":43},"end":{"line":45,"column":44}}]},"40":{"type":"branch","line":46,"loc":{"start":{"line":46,"column":-1},"end":{"line":46,"column":23}},"locations":[{"start":{"line":46,"column":-1},"end":{"line":46,"column":23}}]},"41":{"type":"branch","line":46,"loc":{"start":{"line":46,"column":23},"end":{"line":46,"column":35}},"locations":[{"start":{"line":46,"column":23},"end":{"line":46,"column":35}}]},"42":{"type":"branch","line":46,"loc":{"start":{"line":46,"column":35},"end":{"line":46,"column":65}},"locations":[{"start":{"line":46,"column":35},"end":{"line":46,"column":65}}]},"43":{"type":"branch","line":46,"loc":{"start":{"line":46,"column":66},"end":{"line":46,"column":74}},"locations":[{"start":{"line":46,"column":66},"end":{"line":46,"column":74}}]},"44":{"type":"branch","line":54,"loc":{"start":{"line":54,"column":16},"end":{"line":54,"column":50}},"locations":[{"start":{"line":54,"column":16},"end":{"line":54,"column":50}}]},"45":{"type":"branch","line":60,"loc":{"start":{"line":60,"column":19},"end":{"line":62,"column":22}},"locations":[{"start":{"line":60,"column":19},"end":{"line":62,"column":22}}]},"46":{"type":"branch","line":60,"loc":{"start":{"line":60,"column":42},"end":{"line":62,"column":19}},"locations":[{"start":{"line":60,"column":42},"end":{"line":62,"column":19}}]},"47":{"type":"branch","line":64,"loc":{"start":{"line":64,"column":22},"end":{"line":66,"column":9}},"locations":[{"start":{"line":64,"column":22},"end":{"line":66,"column":9}}]},"48":{"type":"branch","line":64,"loc":{"start":{"line":64,"column":85},"end":{"line":66,"column":5}},"locations":[{"start":{"line":64,"column":85},"end":{"line":66,"column":5}}]},"49":{"type":"branch","line":64,"loc":{"start":{"line":64,"column":124},"end":{"line":66,"column":1}},"locations":[{"start":{"line":64,"column":124},"end":{"line":66,"column":1}}]},"50":{"type":"branch","line":72,"loc":{"start":{"line":72,"column":38},"end":{"line":100,"column":5}},"locations":[{"start":{"line":72,"column":38},"end":{"line":100,"column":5}}]},"51":{"type":"branch","line":72,"loc":{"start":{"line":72,"column":101},"end":{"line":100,"column":1}},"locations":[{"start":{"line":72,"column":101},"end":{"line":100,"column":1}}]},"52":{"type":"branch","line":74,"loc":{"start":{"line":74,"column":29},"end":{"line":99,"column":5}},"locations":[{"start":{"line":74,"column":29},"end":{"line":99,"column":5}}]},"53":{"type":"branch","line":76,"loc":{"start":{"line":76,"column":12},"end":{"line":94,"column":35}},"locations":[{"start":{"line":76,"column":12},"end":{"line":94,"column":35}}]},"54":{"type":"branch","line":78,"loc":{"start":{"line":78,"column":27},"end":{"line":84,"column":17}},"locations":[{"start":{"line":78,"column":27},"end":{"line":84,"column":17}}]},"55":{"type":"branch","line":85,"loc":{"start":{"line":85,"column":-1},"end":{"line":85,"column":52}},"locations":[{"start":{"line":85,"column":-1},"end":{"line":85,"column":52}}]},"56":{"type":"branch","line":85,"loc":{"start":{"line":85,"column":52},"end":{"line":91,"column":17}},"locations":[{"start":{"line":85,"column":52},"end":{"line":91,"column":17}}]},"57":{"type":"branch","line":92,"loc":{"start":{"line":92,"column":-1},"end":{"line":93,"column":78}},"locations":[{"start":{"line":92,"column":-1},"end":{"line":93,"column":78}}]},"58":{"type":"branch","line":93,"loc":{"start":{"line":93,"column":78},"end":{"line":93,"column":110}},"locations":[{"start":{"line":93,"column":78},"end":{"line":93,"column":110}}]},"59":{"type":"branch","line":93,"loc":{"start":{"line":93,"column":128},"end":{"line":93,"column":162}},"locations":[{"start":{"line":93,"column":128},"end":{"line":93,"column":162}}]},"60":{"type":"branch","line":95,"loc":{"start":{"line":95,"column":12},"end":{"line":97,"column":70}},"locations":[{"start":{"line":95,"column":12},"end":{"line":97,"column":70}}]},"61":{"type":"branch","line":106,"loc":{"start":{"line":106,"column":41},"end":{"line":127,"column":5}},"locations":[{"start":{"line":106,"column":41},"end":{"line":127,"column":5}}]},"62":{"type":"branch","line":106,"loc":{"start":{"line":106,"column":104},"end":{"line":127,"column":1}},"locations":[{"start":{"line":106,"column":104},"end":{"line":127,"column":1}}]},"63":{"type":"branch","line":108,"loc":{"start":{"line":108,"column":29},"end":{"line":126,"column":5}},"locations":[{"start":{"line":108,"column":29},"end":{"line":126,"column":5}}]},"64":{"type":"branch","line":110,"loc":{"start":{"line":110,"column":12},"end":{"line":114,"column":31}},"locations":[{"start":{"line":110,"column":12},"end":{"line":114,"column":31}}]},"65":{"type":"branch","line":115,"loc":{"start":{"line":115,"column":12},"end":{"line":124,"column":69}},"locations":[{"start":{"line":115,"column":12},"end":{"line":124,"column":69}}]},"66":{"type":"branch","line":117,"loc":{"start":{"line":117,"column":30},"end":{"line":124,"column":69}},"locations":[{"start":{"line":117,"column":30},"end":{"line":124,"column":69}}]},"67":{"type":"branch","line":134,"loc":{"start":{"line":134,"column":41},"end":{"line":187,"column":5}},"locations":[{"start":{"line":134,"column":41},"end":{"line":187,"column":5}}]},"68":{"type":"branch","line":134,"loc":{"start":{"line":134,"column":104},"end":{"line":187,"column":1}},"locations":[{"start":{"line":134,"column":104},"end":{"line":187,"column":1}}]},"69":{"type":"branch","line":136,"loc":{"start":{"line":136,"column":29},"end":{"line":186,"column":5}},"locations":[{"start":{"line":136,"column":29},"end":{"line":186,"column":5}}]},"70":{"type":"branch","line":138,"loc":{"start":{"line":138,"column":12},"end":{"line":175,"column":48}},"locations":[{"start":{"line":138,"column":12},"end":{"line":175,"column":48}}]},"71":{"type":"branch","line":143,"loc":{"start":{"line":143,"column":20},"end":{"line":143,"column":54}},"locations":[{"start":{"line":143,"column":20},"end":{"line":143,"column":54}}]},"72":{"type":"branch","line":144,"loc":{"start":{"line":144,"column":70},"end":{"line":146,"column":17}},"locations":[{"start":{"line":144,"column":70},"end":{"line":146,"column":17}}]},"73":{"type":"branch","line":147,"loc":{"start":{"line":147,"column":74},"end":{"line":149,"column":17}},"locations":[{"start":{"line":147,"column":74},"end":{"line":149,"column":17}}]},"74":{"type":"branch","line":150,"loc":{"start":{"line":150,"column":48},"end":{"line":150,"column":56}},"locations":[{"start":{"line":150,"column":48},"end":{"line":150,"column":56}}]},"75":{"type":"branch","line":151,"loc":{"start":{"line":151,"column":20},"end":{"line":151,"column":54}},"locations":[{"start":{"line":151,"column":20},"end":{"line":151,"column":54}}]},"76":{"type":"branch","line":152,"loc":{"start":{"line":152,"column":25},"end":{"line":152,"column":58}},"locations":[{"start":{"line":152,"column":25},"end":{"line":152,"column":58}}]},"77":{"type":"branch","line":153,"loc":{"start":{"line":153,"column":20},"end":{"line":153,"column":56}},"locations":[{"start":{"line":153,"column":20},"end":{"line":153,"column":56}}]},"78":{"type":"branch","line":154,"loc":{"start":{"line":154,"column":55},"end":{"line":154,"column":78}},"locations":[{"start":{"line":154,"column":55},"end":{"line":154,"column":78}}]},"79":{"type":"branch","line":154,"loc":{"start":{"line":154,"column":80},"end":{"line":156,"column":17}},"locations":[{"start":{"line":154,"column":80},"end":{"line":156,"column":17}}]},"80":{"type":"branch","line":157,"loc":{"start":{"line":157,"column":56},"end":{"line":157,"column":80}},"locations":[{"start":{"line":157,"column":56},"end":{"line":157,"column":80}}]},"81":{"type":"branch","line":157,"loc":{"start":{"line":157,"column":82},"end":{"line":159,"column":17}},"locations":[{"start":{"line":157,"column":82},"end":{"line":159,"column":17}}]},"82":{"type":"branch","line":160,"loc":{"start":{"line":160,"column":55},"end":{"line":160,"column":88}},"locations":[{"start":{"line":160,"column":55},"end":{"line":160,"column":88}}]},"83":{"type":"branch","line":160,"loc":{"start":{"line":160,"column":90},"end":{"line":162,"column":17}},"locations":[{"start":{"line":160,"column":90},"end":{"line":162,"column":17}}]},"84":{"type":"branch","line":163,"loc":{"start":{"line":163,"column":39},"end":{"line":169,"column":17}},"locations":[{"start":{"line":163,"column":39},"end":{"line":169,"column":17}}]},"85":{"type":"branch","line":170,"loc":{"start":{"line":170,"column":-1},"end":{"line":170,"column":125}},"locations":[{"start":{"line":170,"column":-1},"end":{"line":170,"column":125}}]},"86":{"type":"branch","line":170,"loc":{"start":{"line":170,"column":143},"end":{"line":170,"column":177}},"locations":[{"start":{"line":170,"column":143},"end":{"line":170,"column":177}}]},"87":{"type":"branch","line":170,"loc":{"start":{"line":170,"column":187},"end":{"line":170,"column":204}},"locations":[{"start":{"line":170,"column":187},"end":{"line":170,"column":204}}]},"88":{"type":"branch","line":170,"loc":{"start":{"line":170,"column":221},"end":{"line":170,"column":253}},"locations":[{"start":{"line":170,"column":221},"end":{"line":170,"column":253}}]},"89":{"type":"branch","line":170,"loc":{"start":{"line":170,"column":271},"end":{"line":170,"column":305}},"locations":[{"start":{"line":170,"column":271},"end":{"line":170,"column":305}}]},"90":{"type":"branch","line":170,"loc":{"start":{"line":170,"column":322},"end":{"line":170,"column":354}},"locations":[{"start":{"line":170,"column":322},"end":{"line":170,"column":354}}]},"91":{"type":"branch","line":176,"loc":{"start":{"line":176,"column":12},"end":{"line":184,"column":89}},"locations":[{"start":{"line":176,"column":12},"end":{"line":184,"column":89}}]},"92":{"type":"branch","line":178,"loc":{"start":{"line":178,"column":37},"end":{"line":184,"column":89}},"locations":[{"start":{"line":178,"column":37},"end":{"line":184,"column":89}}]},"93":{"type":"branch","line":193,"loc":{"start":{"line":193,"column":44},"end":{"line":216,"column":5}},"locations":[{"start":{"line":193,"column":44},"end":{"line":216,"column":5}}]},"94":{"type":"branch","line":193,"loc":{"start":{"line":193,"column":107},"end":{"line":216,"column":1}},"locations":[{"start":{"line":193,"column":107},"end":{"line":216,"column":1}}]},"95":{"type":"branch","line":195,"loc":{"start":{"line":195,"column":29},"end":{"line":215,"column":5}},"locations":[{"start":{"line":195,"column":29},"end":{"line":215,"column":5}}]},"96":{"type":"branch","line":197,"loc":{"start":{"line":197,"column":12},"end":{"line":201,"column":31}},"locations":[{"start":{"line":197,"column":12},"end":{"line":201,"column":31}}]},"97":{"type":"branch","line":202,"loc":{"start":{"line":202,"column":12},"end":{"line":213,"column":24}},"locations":[{"start":{"line":202,"column":12},"end":{"line":213,"column":24}}]},"98":{"type":"branch","line":204,"loc":{"start":{"line":204,"column":42},"end":{"line":213,"column":24}},"locations":[{"start":{"line":204,"column":42},"end":{"line":213,"column":24}}]},"99":{"type":"branch","line":223,"loc":{"start":{"line":223,"column":39},"end":{"line":263,"column":5}},"locations":[{"start":{"line":223,"column":39},"end":{"line":263,"column":5}}]},"100":{"type":"branch","line":223,"loc":{"start":{"line":223,"column":102},"end":{"line":263,"column":1}},"locations":[{"start":{"line":223,"column":102},"end":{"line":263,"column":1}}]},"101":{"type":"branch","line":225,"loc":{"start":{"line":225,"column":29},"end":{"line":262,"column":5}},"locations":[{"start":{"line":225,"column":29},"end":{"line":262,"column":5}}]},"102":{"type":"branch","line":227,"loc":{"start":{"line":227,"column":12},"end":{"line":257,"column":77}},"locations":[{"start":{"line":227,"column":12},"end":{"line":257,"column":77}}]},"103":{"type":"branch","line":230,"loc":{"start":{"line":230,"column":54},"end":{"line":230,"column":68}},"locations":[{"start":{"line":230,"column":54},"end":{"line":230,"column":68}}]},"104":{"type":"branch","line":230,"loc":{"start":{"line":230,"column":70},"end":{"line":232,"column":17}},"locations":[{"start":{"line":230,"column":70},"end":{"line":232,"column":17}}]},"105":{"type":"branch","line":233,"loc":{"start":{"line":233,"column":56},"end":{"line":233,"column":72}},"locations":[{"start":{"line":233,"column":56},"end":{"line":233,"column":72}}]},"106":{"type":"branch","line":233,"loc":{"start":{"line":233,"column":74},"end":{"line":235,"column":17}},"locations":[{"start":{"line":233,"column":74},"end":{"line":235,"column":17}}]},"107":{"type":"branch","line":236,"loc":{"start":{"line":236,"column":48},"end":{"line":236,"column":56}},"locations":[{"start":{"line":236,"column":48},"end":{"line":236,"column":56}}]},"108":{"type":"branch","line":237,"loc":{"start":{"line":237,"column":20},"end":{"line":237,"column":54}},"locations":[{"start":{"line":237,"column":20},"end":{"line":237,"column":54}}]},"109":{"type":"branch","line":238,"loc":{"start":{"line":238,"column":25},"end":{"line":238,"column":58}},"locations":[{"start":{"line":238,"column":25},"end":{"line":238,"column":58}}]},"110":{"type":"branch","line":239,"loc":{"start":{"line":239,"column":20},"end":{"line":239,"column":56}},"locations":[{"start":{"line":239,"column":20},"end":{"line":239,"column":56}}]},"111":{"type":"branch","line":240,"loc":{"start":{"line":240,"column":55},"end":{"line":240,"column":78}},"locations":[{"start":{"line":240,"column":55},"end":{"line":240,"column":78}}]},"112":{"type":"branch","line":240,"loc":{"start":{"line":240,"column":80},"end":{"line":242,"column":17}},"locations":[{"start":{"line":240,"column":80},"end":{"line":242,"column":17}}]},"113":{"type":"branch","line":243,"loc":{"start":{"line":243,"column":56},"end":{"line":243,"column":80}},"locations":[{"start":{"line":243,"column":56},"end":{"line":243,"column":80}}]},"114":{"type":"branch","line":243,"loc":{"start":{"line":243,"column":82},"end":{"line":245,"column":17}},"locations":[{"start":{"line":243,"column":82},"end":{"line":245,"column":17}}]},"115":{"type":"branch","line":246,"loc":{"start":{"line":246,"column":55},"end":{"line":246,"column":69}},"locations":[{"start":{"line":246,"column":55},"end":{"line":246,"column":69}}]},"116":{"type":"branch","line":246,"loc":{"start":{"line":246,"column":70},"end":{"line":246,"column":103}},"locations":[{"start":{"line":246,"column":70},"end":{"line":246,"column":103}}]},"117":{"type":"branch","line":246,"loc":{"start":{"line":246,"column":105},"end":{"line":248,"column":17}},"locations":[{"start":{"line":246,"column":105},"end":{"line":248,"column":17}}]},"118":{"type":"branch","line":249,"loc":{"start":{"line":249,"column":39},"end":{"line":255,"column":17}},"locations":[{"start":{"line":249,"column":39},"end":{"line":255,"column":17}}]},"119":{"type":"branch","line":256,"loc":{"start":{"line":256,"column":-1},"end":{"line":256,"column":147}},"locations":[{"start":{"line":256,"column":-1},"end":{"line":256,"column":147}}]},"120":{"type":"branch","line":256,"loc":{"start":{"line":256,"column":165},"end":{"line":256,"column":199}},"locations":[{"start":{"line":256,"column":165},"end":{"line":256,"column":199}}]},"121":{"type":"branch","line":256,"loc":{"start":{"line":256,"column":209},"end":{"line":256,"column":226}},"locations":[{"start":{"line":256,"column":209},"end":{"line":256,"column":226}}]},"122":{"type":"branch","line":256,"loc":{"start":{"line":256,"column":243},"end":{"line":256,"column":275}},"locations":[{"start":{"line":256,"column":243},"end":{"line":256,"column":275}}]},"123":{"type":"branch","line":256,"loc":{"start":{"line":256,"column":293},"end":{"line":256,"column":327}},"locations":[{"start":{"line":256,"column":293},"end":{"line":256,"column":327}}]},"124":{"type":"branch","line":256,"loc":{"start":{"line":256,"column":344},"end":{"line":256,"column":376}},"locations":[{"start":{"line":256,"column":344},"end":{"line":256,"column":376}}]},"125":{"type":"branch","line":258,"loc":{"start":{"line":258,"column":12},"end":{"line":260,"column":90}},"locations":[{"start":{"line":258,"column":12},"end":{"line":260,"column":90}}]}},"b":{"0":[1],"1":[1],"2":[2],"3":[0],"4":[22],"5":[11],"6":[0],"7":[11],"8":[22],"9":[11],"10":[0],"11":[33],"12":[22],"13":[11],"14":[22],"15":[11],"16":[0],"17":[66],"18":[33],"19":[33],"20":[0],"21":[66],"22":[0],"23":[0],"24":[0],"25":[0],"26":[33],"27":[33],"28":[11],"29":[0],"30":[0],"31":[22],"32":[0],"33":[0],"34":[0],"35":[0],"36":[0],"37":[33],"38":[0],"39":[33],"40":[22],"41":[0],"42":[22],"43":[0],"44":[28],"45":[5],"46":[21],"47":[1],"48":[1],"49":[1],"50":[6],"51":[6],"52":[10],"53":[6],"54":[1],"55":[5],"56":[1],"57":[4],"58":[2],"59":[2],"60":[4],"61":[2],"62":[2],"63":[4],"64":[2],"65":[2],"66":[1],"67":[6],"68":[6],"69":[8],"70":[6],"71":[1],"72":[1],"73":[1],"74":[5],"75":[1],"76":[4],"77":[1],"78":[5],"79":[1],"80":[5],"81":[1],"82":[1],"83":[1],"84":[4],"85":[2],"86":[2],"87":[1],"88":[1],"89":[0],"90":[0],"91":[2],"92":[1],"93":[2],"94":[2],"95":[4],"96":[2],"97":[2],"98":[1],"99":[5],"100":[5],"101":[6],"102":[5],"103":[4],"104":[2],"105":[4],"106":[2],"107":[4],"108":[2],"109":[3],"110":[1],"111":[4],"112":[2],"113":[4],"114":[2],"115":[2],"116":[1],"117":[1],"118":[4],"119":[1],"120":[1],"121":[1],"122":[1],"123":[0],"124":[0],"125":[1]},"fnMap":{"0":{"name":"Object.<anonymous>","decl":{"start":{"line":1,"column":0},"end":{"line":264,"column":24}},"loc":{"start":{"line":1,"column":0},"end":{"line":264,"column":24}},"line":1},"1":{"name":"Object.<anonymous>.__assign","decl":{"start":{"line":2,"column":42},"end":{"line":12,"column":1}},"loc":{"start":{"line":2,"column":42},"end":{"line":12,"column":1}},"line":2},"2":{"name":"__assign","decl":{"start":{"line":3,"column":32},"end":{"line":10,"column":5}},"loc":{"start":{"line":3,"column":32},"end":{"line":10,"column":5}},"line":3},"3":{"name":"Object.<anonymous>.__awaiter","decl":{"start":{"line":13,"column":44},"end":{"line":21,"column":1}},"loc":{"start":{"line":13,"column":44},"end":{"line":21,"column":1}},"line":13},"4":{"name":"adopt","decl":{"start":{"line":14,"column":4},"end":{"line":14,"column":112}},"loc":{"start":{"line":14,"column":4},"end":{"line":14,"column":112}},"line":14},"5":{"name":"fulfilled","decl":{"start":{"line":16,"column":8},"end":{"line":16,"column":99}},"loc":{"start":{"line":16,"column":8},"end":{"line":16,"column":99}},"line":16},"6":{"name":"rejected","decl":{"start":{"line":17,"column":8},"end":{"line":17,"column":102}},"loc":{"start":{"line":17,"column":8},"end":{"line":17,"column":102}},"line":17},"7":{"name":"step","decl":{"start":{"line":18,"column":8},"end":{"line":18,"column":118}},"loc":{"start":{"line":18,"column":8},"end":{"line":18,"column":118}},"line":18},"8":{"name":"Object.<anonymous>.__generator","decl":{"start":{"line":22,"column":48},"end":{"line":48,"column":1}},"loc":{"start":{"line":22,"column":48},"end":{"line":48,"column":1}},"line":22},"9":{"name":"sent","decl":{"start":{"line":23,"column":30},"end":{"line":23,"column":83}},"loc":{"start":{"line":23,"column":30},"end":{"line":23,"column":83}},"line":23},"10":{"name":"g.<computed>","decl":{"start":{"line":24,"column":125},"end":{"line":24,"column":152}},"loc":{"start":{"line":24,"column":125},"end":{"line":24,"column":152}},"line":24},"11":{"name":"verb","decl":{"start":{"line":25,"column":4},"end":{"line":25,"column":70}},"loc":{"start":{"line":25,"column":4},"end":{"line":25,"column":70}},"line":25},"12":{"name":"step","decl":{"start":{"line":26,"column":4},"end":{"line":47,"column":5}},"loc":{"start":{"line":26,"column":4},"end":{"line":47,"column":5}},"line":26},"13":{"name":"parseDate","decl":{"start":{"line":54,"column":16},"end":{"line":54,"column":50}},"loc":{"start":{"line":54,"column":16},"end":{"line":54,"column":50}},"line":54},"14":{"name":"asyncHandler","decl":{"start":{"line":60,"column":19},"end":{"line":62,"column":22}},"loc":{"start":{"line":60,"column":19},"end":{"line":62,"column":22}},"line":60}},"f":{"0":1,"1":2,"2":0,"3":22,"4":11,"5":11,"6":0,"7":33,"8":22,"9":11,"10":0,"11":66,"12":33,"13":28,"14":5}}
,"/Users/olivier/Documents/dev/workspace/sunday/bookings-service/build/utils.js": {"path":"/Users/olivier/Documents/dev/workspace/sunday/bookings-service/build/utils.js","all":false,"statementMap":{"0":{"start":{"line":1,"column":0},"end":{"line":1,"column":13}},"1":{"start":{"line":2,"column":0},"end":{"line":2,"column":56}},"2":{"start":{"line":3,"column":0},"end":{"line":3,"column":96}},"3":{"start":{"line":4,"column":0},"end":{"line":4,"column":144}},"4":{"start":{"line":5,"column":0},"end":{"line":5,"column":84}},"5":{"start":{"line":6,"column":0},"end":{"line":6,"column":32}},"6":{"start":{"line":7,"column":0},"end":{"line":7,"column":22}},"7":{"start":{"line":8,"column":0},"end":{"line":8,"column":21}},"8":{"start":{"line":9,"column":0},"end":{"line":9,"column":45}},"9":{"start":{"line":10,"column":0},"end":{"line":10,"column":48}},"10":{"start":{"line":11,"column":0},"end":{"line":11,"column":11}},"11":{"start":{"line":12,"column":0},"end":{"line":12,"column":19}},"12":{"start":{"line":13,"column":0},"end":{"line":13,"column":5}},"13":{"start":{"line":14,"column":0},"end":{"line":14,"column":21}},"14":{"start":{"line":15,"column":0},"end":{"line":15,"column":62}},"15":{"start":{"line":16,"column":0},"end":{"line":16,"column":5}},"16":{"start":{"line":17,"column":0},"end":{"line":17,"column":13}},"17":{"start":{"line":18,"column":0},"end":{"line":18,"column":2}},"18":{"start":{"line":19,"column":0},"end":{"line":19,"column":32}},"19":{"start":{"line":20,"column":0},"end":{"line":20,"column":22}},"20":{"start":{"line":21,"column":0},"end":{"line":21,"column":21}},"21":{"start":{"line":22,"column":0},"end":{"line":22,"column":45}},"22":{"start":{"line":23,"column":0},"end":{"line":23,"column":48}},"23":{"start":{"line":24,"column":0},"end":{"line":24,"column":11}},"24":{"start":{"line":25,"column":0},"end":{"line":25,"column":19}},"25":{"start":{"line":26,"column":0},"end":{"line":26,"column":5}},"26":{"start":{"line":27,"column":0},"end":{"line":27,"column":21}},"27":{"start":{"line":28,"column":0},"end":{"line":28,"column":62}},"28":{"start":{"line":29,"column":0},"end":{"line":29,"column":5}},"29":{"start":{"line":30,"column":0},"end":{"line":30,"column":13}},"30":{"start":{"line":31,"column":0},"end":{"line":31,"column":2}},"31":{"start":{"line":32,"column":0},"end":{"line":32,"column":67}},"32":{"start":{"line":33,"column":0},"end":{"line":33,"column":28}},"33":{"start":{"line":34,"column":0},"end":{"line":34,"column":6}},"34":{"start":{"line":35,"column":0},"end":{"line":35,"column":18}},"35":{"start":{"line":36,"column":0},"end":{"line":36,"column":23}},"36":{"start":{"line":37,"column":0},"end":{"line":37,"column":21}},"37":{"start":{"line":38,"column":0},"end":{"line":38,"column":21}},"38":{"start":{"line":39,"column":0},"end":{"line":39,"column":29}},"39":{"start":{"line":40,"column":0},"end":{"line":40,"column":29}},"40":{"start":{"line":41,"column":0},"end":{"line":41,"column":17}},"41":{"start":{"line":42,"column":0},"end":{"line":42,"column":2}}},"s":{"0":1,"1":1,"2":1,"3":1,"4":1,"5":1,"6":20,"7":2,"8":2,"9":18,"10":2,"11":2,"12":2,"13":20,"14":0,"15":0,"16":18,"17":1,"18":1,"19":0,"20":0,"21":0,"22":0,"23":0,"24":0,"25":0,"26":0,"27":0,"28":0,"29":0,"30":1,"31":1,"32":0,"33":1,"34":1,"35":1,"36":1,"37":1,"38":1,"39":1,"40":1,"41":1},"branchMap":{"0":{"type":"branch","line":1,"loc":{"start":{"line":1,"column":0},"end":{"line":42,"column":2}},"locations":[{"start":{"line":1,"column":0},"end":{"line":42,"column":2}}]},"1":{"type":"branch","line":1,"loc":{"start":{"line":1,"column":0},"end":{"line":42,"column":2}},"locations":[{"start":{"line":1,"column":0},"end":{"line":42,"column":2}}]},"2":{"type":"branch","line":2,"loc":{"start":{"line":2,"column":14},"end":{"line":2,"column":55}},"locations":[{"start":{"line":2,"column":14},"end":{"line":2,"column":55}}]},"3":{"type":"branch","line":3,"loc":{"start":{"line":3,"column":15},"end":{"line":3,"column":95}},"locations":[{"start":{"line":3,"column":15},"end":{"line":3,"column":95}}]},"4":{"type":"branch","line":4,"loc":{"start":{"line":4,"column":14},"end":{"line":4,"column":143}},"locations":[{"start":{"line":4,"column":14},"end":{"line":4,"column":143}}]},"5":{"type":"branch","line":4,"loc":{"start":{"line":4,"column":63},"end":{"line":4,"column":139}},"locations":[{"start":{"line":4,"column":63},"end":{"line":4,"column":139}}]},"6":{"type":"branch","line":6,"loc":{"start":{"line":6,"column":18},"end":{"line":18,"column":1}},"locations":[{"start":{"line":6,"column":18},"end":{"line":18,"column":1}}]},"7":{"type":"branch","line":7,"loc":{"start":{"line":7,"column":21},"end":{"line":13,"column":5}},"locations":[{"start":{"line":7,"column":21},"end":{"line":13,"column":5}}]},"8":{"type":"branch","line":14,"loc":{"start":{"line":14,"column":-1},"end":{"line":14,"column":20}},"locations":[{"start":{"line":14,"column":-1},"end":{"line":14,"column":20}}]},"9":{"type":"branch","line":14,"loc":{"start":{"line":14,"column":20},"end":{"line":16,"column":5}},"locations":[{"start":{"line":14,"column":20},"end":{"line":16,"column":5}}]},"10":{"type":"branch","line":17,"loc":{"start":{"line":17,"column":-1},"end":{"line":18,"column":0}},"locations":[{"start":{"line":17,"column":-1},"end":{"line":18,"column":0}}]},"11":{"type":"branch","line":9,"loc":{"start":{"line":9,"column":31},"end":{"line":11,"column":9}},"locations":[{"start":{"line":9,"column":31},"end":{"line":11,"column":9}}]}},"b":{"0":[1],"1":[1],"2":[18],"3":[20],"4":[18],"5":[14],"6":[20],"7":[2],"8":[18],"9":[0],"10":[18],"11":[18]},"fnMap":{"0":{"name":"Object.<anonymous>","decl":{"start":{"line":1,"column":0},"end":{"line":42,"column":2}},"loc":{"start":{"line":1,"column":0},"end":{"line":42,"column":2}},"line":1},"1":{"name":"isArray","decl":{"start":{"line":2,"column":14},"end":{"line":2,"column":55}},"loc":{"start":{"line":2,"column":14},"end":{"line":2,"column":55}},"line":2},"2":{"name":"isObject","decl":{"start":{"line":3,"column":15},"end":{"line":3,"column":95}},"loc":{"start":{"line":3,"column":15},"end":{"line":3,"column":95}},"line":3},"3":{"name":"toCamel","decl":{"start":{"line":4,"column":14},"end":{"line":4,"column":143}},"loc":{"start":{"line":4,"column":14},"end":{"line":4,"column":143}},"line":4},"4":{"name":"toSnake","decl":{"start":{"line":5,"column":14},"end":{"line":5,"column":83}},"loc":{"start":{"line":5,"column":14},"end":{"line":5,"column":83}},"line":5},"5":{"name":"keysToCamel","decl":{"start":{"line":6,"column":18},"end":{"line":18,"column":1}},"loc":{"start":{"line":6,"column":18},"end":{"line":18,"column":1}},"line":6},"6":{"name":"keysToSnake","decl":{"start":{"line":19,"column":18},"end":{"line":31,"column":1}},"loc":{"start":{"line":19,"column":18},"end":{"line":31,"column":1}},"line":19},"7":{"name":"sleep","decl":{"start":{"line":32,"column":12},"end":{"line":34,"column":5}},"loc":{"start":{"line":32,"column":12},"end":{"line":34,"column":5}},"line":32}},"f":{"0":1,"1":18,"2":20,"3":18,"4":0,"5":20,"6":0,"7":0}}
,"/Users/olivier/Documents/dev/workspace/sunday/bookings-service/build/db/knexfile.js": {"path":"/Users/olivier/Documents/dev/workspace/sunday/bookings-service/build/db/knexfile.js","all":false,"statementMap":{"0":{"start":{"line":1,"column":0},"end":{"line":1,"column":13}},"1":{"start":{"line":2,"column":0},"end":{"line":2,"column":36}},"2":{"start":{"line":3,"column":0},"end":{"line":3,"column":18}},"3":{"start":{"line":4,"column":0},"end":{"line":4,"column":11}},"4":{"start":{"line":5,"column":0},"end":{"line":5,"column":29}},"5":{"start":{"line":6,"column":0},"end":{"line":6,"column":21}},"6":{"start":{"line":7,"column":0},"end":{"line":7,"column":46}},"7":{"start":{"line":8,"column":0},"end":{"line":8,"column":29}},"8":{"start":{"line":9,"column":0},"end":{"line":9,"column":33}},"9":{"start":{"line":10,"column":0},"end":{"line":10,"column":10}},"10":{"start":{"line":11,"column":0},"end":{"line":11,"column":15}},"11":{"start":{"line":12,"column":0},"end":{"line":12,"column":19}},"12":{"start":{"line":13,"column":0},"end":{"line":13,"column":20}},"13":{"start":{"line":14,"column":0},"end":{"line":14,"column":10}},"14":{"start":{"line":15,"column":0},"end":{"line":15,"column":21}},"15":{"start":{"line":16,"column":0},"end":{"line":16,"column":36}},"16":{"start":{"line":17,"column":0},"end":{"line":17,"column":10}},"17":{"start":{"line":18,"column":0},"end":{"line":18,"column":6}},"18":{"start":{"line":19,"column":0},"end":{"line":19,"column":12}},"19":{"start":{"line":20,"column":0},"end":{"line":20,"column":29}},"20":{"start":{"line":21,"column":0},"end":{"line":21,"column":21}},"21":{"start":{"line":22,"column":0},"end":{"line":22,"column":41}},"22":{"start":{"line":23,"column":0},"end":{"line":23,"column":29}},"23":{"start":{"line":24,"column":0},"end":{"line":24,"column":33}},"24":{"start":{"line":25,"column":0},"end":{"line":25,"column":10}},"25":{"start":{"line":26,"column":0},"end":{"line":26,"column":15}},"26":{"start":{"line":27,"column":0},"end":{"line":27,"column":19}},"27":{"start":{"line":28,"column":0},"end":{"line":28,"column":20}},"28":{"start":{"line":29,"column":0},"end":{"line":29,"column":10}},"29":{"start":{"line":30,"column":0},"end":{"line":30,"column":21}},"30":{"start":{"line":31,"column":0},"end":{"line":31,"column":36}},"31":{"start":{"line":32,"column":0},"end":{"line":32,"column":10}},"32":{"start":{"line":33,"column":0},"end":{"line":33,"column":6}},"33":{"start":{"line":34,"column":0},"end":{"line":34,"column":14}},"34":{"start":{"line":35,"column":0},"end":{"line":35,"column":29}},"35":{"start":{"line":36,"column":0},"end":{"line":36,"column":21}},"36":{"start":{"line":37,"column":0},"end":{"line":37,"column":46}},"37":{"start":{"line":38,"column":0},"end":{"line":38,"column":44}},"38":{"start":{"line":39,"column":0},"end":{"line":39,"column":52}},"39":{"start":{"line":40,"column":0},"end":{"line":40,"column":10}},"40":{"start":{"line":41,"column":0},"end":{"line":41,"column":15}},"41":{"start":{"line":42,"column":0},"end":{"line":42,"column":19}},"42":{"start":{"line":43,"column":0},"end":{"line":43,"column":20}},"43":{"start":{"line":44,"column":0},"end":{"line":44,"column":10}},"44":{"start":{"line":45,"column":0},"end":{"line":45,"column":21}},"45":{"start":{"line":46,"column":0},"end":{"line":46,"column":36}},"46":{"start":{"line":47,"column":0},"end":{"line":47,"column":10}},"47":{"start":{"line":48,"column":0},"end":{"line":48,"column":6}},"48":{"start":{"line":49,"column":0},"end":{"line":49,"column":17}},"49":{"start":{"line":50,"column":0},"end":{"line":50,"column":29}},"50":{"start":{"line":51,"column":0},"end":{"line":51,"column":21}},"51":{"start":{"line":52,"column":0},"end":{"line":52,"column":46}},"52":{"start":{"line":53,"column":0},"end":{"line":53,"column":44}},"53":{"start":{"line":54,"column":0},"end":{"line":54,"column":52}},"54":{"start":{"line":55,"column":0},"end":{"line":55,"column":10}},"55":{"start":{"line":56,"column":0},"end":{"line":56,"column":15}},"56":{"start":{"line":57,"column":0},"end":{"line":57,"column":19}},"57":{"start":{"line":58,"column":0},"end":{"line":58,"column":20}},"58":{"start":{"line":59,"column":0},"end":{"line":59,"column":10}},"59":{"start":{"line":60,"column":0},"end":{"line":60,"column":21}},"60":{"start":{"line":61,"column":0},"end":{"line":61,"column":36}},"61":{"start":{"line":62,"column":0},"end":{"line":62,"column":10}},"62":{"start":{"line":63,"column":0},"end":{"line":63,"column":6}},"63":{"start":{"line":64,"column":0},"end":{"line":64,"column":2}}},"s":{"0":1,"1":1,"2":1,"3":1,"4":1,"5":1,"6":1,"7":1,"8":1,"9":1,"10":1,"11":1,"12":1,"13":1,"14":1,"15":1,"16":1,"17":1,"18":1,"19":1,"20":1,"21":1,"22":1,"23":1,"24":1,"25":1,"26":1,"27":1,"28":1,"29":1,"30":1,"31":1,"32":1,"33":1,"34":1,"35":1,"36":1,"37":1,"38":1,"39":1,"40":1,"41":1,"42":1,"43":1,"44":1,"45":1,"46":1,"47":1,"48":1,"49":1,"50":1,"51":1,"52":1,"53":1,"54":1,"55":1,"56":1,"57":1,"58":1,"59":1,"60":1,"61":1,"62":1,"63":1},"branchMap":{"0":{"type":"branch","line":1,"loc":{"start":{"line":1,"column":0},"end":{"line":64,"column":2}},"locations":[{"start":{"line":1,"column":0},"end":{"line":64,"column":2}}]},"1":{"type":"branch","line":1,"loc":{"start":{"line":1,"column":0},"end":{"line":64,"column":2}},"locations":[{"start":{"line":1,"column":0},"end":{"line":64,"column":2}}]}},"b":{"0":[1],"1":[1]},"fnMap":{"0":{"name":"Object.<anonymous>","decl":{"start":{"line":1,"column":0},"end":{"line":64,"column":2}},"loc":{"start":{"line":1,"column":0},"end":{"line":64,"column":2}},"line":1}},"f":{"0":1}}
,"/Users/olivier/Documents/dev/workspace/sunday/bookings-service/src/app.ts": {"path":"/Users/olivier/Documents/dev/workspace/sunday/bookings-service/src/app.ts","all":false,"statementMap":{"0":{"start":{"line":1,"column":0},"end":{"line":1,"column":30}},"1":{"start":{"line":2,"column":0},"end":{"line":2,"column":28}},"2":{"start":{"line":3,"column":0},"end":{"line":3,"column":0}},"3":{"start":{"line":4,"column":0},"end":{"line":4,"column":30}},"4":{"start":{"line":5,"column":0},"end":{"line":5,"column":0}},"5":{"start":{"line":6,"column":0},"end":{"line":6,"column":22}},"6":{"start":{"line":7,"column":0},"end":{"line":7,"column":0}},"7":{"start":{"line":8,"column":0},"end":{"line":8,"column":23}},"8":{"start":{"line":9,"column":0},"end":{"line":9,"column":24}},"9":{"start":{"line":10,"column":0},"end":{"line":10,"column":0}},"10":{"start":{"line":11,"column":0},"end":{"line":11,"column":21}},"11":{"start":{"line":12,"column":0},"end":{"line":12,"column":0}},"12":{"start":{"line":13,"column":0},"end":{"line":13,"column":19}}},"s":{"0":1,"1":1,"2":1,"3":1,"4":1,"5":1,"6":1,"7":1,"8":1,"9":1,"10":1,"11":1,"12":1},"branchMap":{},"b":{},"fnMap":{},"f":{}}
,"/Users/olivier/Documents/dev/workspace/sunday/bookings-service/src/routes.ts": {"path":"/Users/olivier/Documents/dev/workspace/sunday/bookings-service/src/routes.ts","all":false,"statementMap":{"0":{"start":{"line":1,"column":0},"end":{"line":1,"column":30}},"1":{"start":{"line":2,"column":0},"end":{"line":2,"column":44}},"2":{"start":{"line":3,"column":0},"end":{"line":3,"column":36}},"3":{"start":{"line":4,"column":0},"end":{"line":4,"column":28}},"4":{"start":{"line":5,"column":0},"end":{"line":5,"column":27}},"5":{"start":{"line":6,"column":0},"end":{"line":6,"column":0}},"6":{"start":{"line":7,"column":0},"end":{"line":7,"column":129}},"7":{"start":{"line":8,"column":0},"end":{"line":8,"column":22}},"8":{"start":{"line":9,"column":0},"end":{"line":9,"column":45}},"9":{"start":{"line":10,"column":0},"end":{"line":10,"column":41}},"10":{"start":{"line":11,"column":0},"end":{"line":11,"column":10}},"11":{"start":{"line":12,"column":0},"end":{"line":12,"column":0}},"12":{"start":{"line":13,"column":0},"end":{"line":13,"column":37}},"13":{"start":{"line":14,"column":0},"end":{"line":14,"column":0}},"14":{"start":{"line":15,"column":0},"end":{"line":15,"column":38}},"15":{"start":{"line":16,"column":0},"end":{"line":16,"column":0}},"16":{"start":{"line":17,"column":0},"end":{"line":17,"column":31}},"17":{"start":{"line":18,"column":0},"end":{"line":18,"column":0}},"18":{"start":{"line":19,"column":0},"end":{"line":19,"column":32}},"19":{"start":{"line":20,"column":0},"end":{"line":20,"column":0}},"20":{"start":{"line":21,"column":0},"end":{"line":21,"column":20}},"21":{"start":{"line":22,"column":0},"end":{"line":22,"column":58}},"22":{"start":{"line":23,"column":0},"end":{"line":23,"column":52}},"23":{"start":{"line":24,"column":0},"end":{"line":24,"column":0}},"24":{"start":{"line":25,"column":0},"end":{"line":25,"column":17}},"25":{"start":{"line":26,"column":0},"end":{"line":26,"column":60}},"26":{"start":{"line":27,"column":0},"end":{"line":27,"column":40}},"27":{"start":{"line":28,"column":0},"end":{"line":28,"column":2}},"28":{"start":{"line":29,"column":0},"end":{"line":29,"column":0}},"29":{"start":{"line":30,"column":0},"end":{"line":30,"column":2}},"30":{"start":{"line":31,"column":0},"end":{"line":31,"column":13}},"31":{"start":{"line":32,"column":0},"end":{"line":32,"column":49}},"32":{"start":{"line":33,"column":0},"end":{"line":33,"column":47}},"33":{"start":{"line":34,"column":0},"end":{"line":34,"column":2}},"34":{"start":{"line":35,"column":0},"end":{"line":35,"column":11}},"35":{"start":{"line":36,"column":0},"end":{"line":36,"column":15}},"36":{"start":{"line":37,"column":0},"end":{"line":37,"column":55}},"37":{"start":{"line":38,"column":0},"end":{"line":38,"column":58}},"38":{"start":{"line":39,"column":0},"end":{"line":39,"column":0}},"39":{"start":{"line":40,"column":0},"end":{"line":40,"column":16}},"40":{"start":{"line":41,"column":0},"end":{"line":41,"column":35}},"41":{"start":{"line":42,"column":0},"end":{"line":42,"column":22}},"42":{"start":{"line":43,"column":0},"end":{"line":43,"column":33}},"43":{"start":{"line":44,"column":0},"end":{"line":44,"column":33}},"44":{"start":{"line":45,"column":0},"end":{"line":45,"column":9}},"45":{"start":{"line":46,"column":0},"end":{"line":46,"column":5}},"46":{"start":{"line":47,"column":0},"end":{"line":47,"column":0}},"47":{"start":{"line":48,"column":0},"end":{"line":48,"column":51}},"48":{"start":{"line":49,"column":0},"end":{"line":49,"column":35}},"49":{"start":{"line":50,"column":0},"end":{"line":50,"column":22}},"50":{"start":{"line":51,"column":0},"end":{"line":51,"column":35}},"51":{"start":{"line":52,"column":0},"end":{"line":52,"column":34}},"52":{"start":{"line":53,"column":0},"end":{"line":53,"column":9}},"53":{"start":{"line":54,"column":0},"end":{"line":54,"column":5}},"54":{"start":{"line":55,"column":0},"end":{"line":55,"column":0}},"55":{"start":{"line":56,"column":0},"end":{"line":56,"column":41}},"56":{"start":{"line":57,"column":0},"end":{"line":57,"column":14}},"57":{"start":{"line":58,"column":0},"end":{"line":58,"column":13}},"58":{"start":{"line":59,"column":0},"end":{"line":59,"column":58}},"59":{"start":{"line":60,"column":0},"end":{"line":60,"column":60}},"60":{"start":{"line":61,"column":0},"end":{"line":61,"column":8}},"61":{"start":{"line":62,"column":0},"end":{"line":62,"column":16}},"62":{"start":{"line":63,"column":0},"end":{"line":63,"column":0}},"63":{"start":{"line":64,"column":0},"end":{"line":64,"column":42}},"64":{"start":{"line":65,"column":0},"end":{"line":65,"column":4}},"65":{"start":{"line":66,"column":0},"end":{"line":66,"column":2}},"66":{"start":{"line":67,"column":0},"end":{"line":67,"column":0}},"67":{"start":{"line":68,"column":0},"end":{"line":68,"column":2}},"68":{"start":{"line":69,"column":0},"end":{"line":69,"column":16}},"69":{"start":{"line":70,"column":0},"end":{"line":70,"column":49}},"70":{"start":{"line":71,"column":0},"end":{"line":71,"column":30}},"71":{"start":{"line":72,"column":0},"end":{"line":72,"column":2}},"72":{"start":{"line":73,"column":0},"end":{"line":73,"column":11}},"73":{"start":{"line":74,"column":0},"end":{"line":74,"column":18}},"74":{"start":{"line":75,"column":0},"end":{"line":75,"column":55}},"75":{"start":{"line":76,"column":0},"end":{"line":76,"column":42}},"76":{"start":{"line":77,"column":0},"end":{"line":77,"column":14}},"77":{"start":{"line":78,"column":0},"end":{"line":78,"column":25}},"78":{"start":{"line":79,"column":0},"end":{"line":79,"column":8}},"79":{"start":{"line":80,"column":0},"end":{"line":80,"column":16}},"80":{"start":{"line":81,"column":0},"end":{"line":81,"column":0}},"81":{"start":{"line":82,"column":0},"end":{"line":82,"column":19}},"82":{"start":{"line":83,"column":0},"end":{"line":83,"column":35}},"83":{"start":{"line":84,"column":0},"end":{"line":84,"column":22}},"84":{"start":{"line":85,"column":0},"end":{"line":85,"column":34}},"85":{"start":{"line":86,"column":0},"end":{"line":86,"column":36}},"86":{"start":{"line":87,"column":0},"end":{"line":87,"column":9}},"87":{"start":{"line":88,"column":0},"end":{"line":88,"column":5}},"88":{"start":{"line":89,"column":0},"end":{"line":89,"column":0}},"89":{"start":{"line":90,"column":0},"end":{"line":90,"column":41}},"90":{"start":{"line":91,"column":0},"end":{"line":91,"column":4}},"91":{"start":{"line":92,"column":0},"end":{"line":92,"column":2}},"92":{"start":{"line":93,"column":0},"end":{"line":93,"column":0}},"93":{"start":{"line":94,"column":0},"end":{"line":94,"column":2}},"94":{"start":{"line":95,"column":0},"end":{"line":95,"column":17}},"95":{"start":{"line":96,"column":0},"end":{"line":96,"column":49}},"96":{"start":{"line":97,"column":0},"end":{"line":97,"column":34}},"97":{"start":{"line":98,"column":0},"end":{"line":98,"column":29}},"98":{"start":{"line":99,"column":0},"end":{"line":99,"column":2}},"99":{"start":{"line":100,"column":0},"end":{"line":100,"column":11}},"100":{"start":{"line":101,"column":0},"end":{"line":101,"column":18}},"101":{"start":{"line":102,"column":0},"end":{"line":102,"column":55}},"102":{"start":{"line":103,"column":0},"end":{"line":103,"column":22}},"103":{"start":{"line":104,"column":0},"end":{"line":104,"column":11}},"104":{"start":{"line":105,"column":0},"end":{"line":105,"column":17}},"105":{"start":{"line":106,"column":0},"end":{"line":106,"column":19}},"106":{"start":{"line":107,"column":0},"end":{"line":107,"column":11}},"107":{"start":{"line":108,"column":0},"end":{"line":108,"column":18}},"108":{"start":{"line":109,"column":0},"end":{"line":109,"column":19}},"109":{"start":{"line":110,"column":0},"end":{"line":110,"column":17}},"110":{"start":{"line":111,"column":0},"end":{"line":111,"column":17}},"111":{"start":{"line":112,"column":0},"end":{"line":112,"column":30}},"112":{"start":{"line":113,"column":0},"end":{"line":113,"column":0}},"113":{"start":{"line":114,"column":0},"end":{"line":114,"column":57}},"114":{"start":{"line":115,"column":0},"end":{"line":115,"column":59}},"115":{"start":{"line":116,"column":0},"end":{"line":116,"column":46}},"116":{"start":{"line":117,"column":0},"end":{"line":117,"column":5}},"117":{"start":{"line":118,"column":0},"end":{"line":118,"column":63}},"118":{"start":{"line":119,"column":0},"end":{"line":119,"column":48}},"119":{"start":{"line":120,"column":0},"end":{"line":120,"column":5}},"120":{"start":{"line":121,"column":0},"end":{"line":121,"column":80}},"121":{"start":{"line":122,"column":0},"end":{"line":122,"column":47}},"122":{"start":{"line":123,"column":0},"end":{"line":123,"column":42}},"123":{"start":{"line":124,"column":0},"end":{"line":124,"column":69}},"124":{"start":{"line":125,"column":0},"end":{"line":125,"column":47}},"125":{"start":{"line":126,"column":0},"end":{"line":126,"column":5}},"126":{"start":{"line":127,"column":0},"end":{"line":127,"column":71}},"127":{"start":{"line":128,"column":0},"end":{"line":128,"column":48}},"128":{"start":{"line":129,"column":0},"end":{"line":129,"column":5}},"129":{"start":{"line":130,"column":0},"end":{"line":130,"column":79}},"130":{"start":{"line":131,"column":0},"end":{"line":131,"column":49}},"131":{"start":{"line":132,"column":0},"end":{"line":132,"column":5}},"132":{"start":{"line":133,"column":0},"end":{"line":133,"column":0}},"133":{"start":{"line":134,"column":0},"end":{"line":134,"column":28}},"134":{"start":{"line":135,"column":0},"end":{"line":135,"column":35}},"135":{"start":{"line":136,"column":0},"end":{"line":136,"column":22}},"136":{"start":{"line":137,"column":0},"end":{"line":137,"column":35}},"137":{"start":{"line":138,"column":0},"end":{"line":138,"column":14}},"138":{"start":{"line":139,"column":0},"end":{"line":139,"column":9}},"139":{"start":{"line":140,"column":0},"end":{"line":140,"column":5}},"140":{"start":{"line":141,"column":0},"end":{"line":141,"column":0}},"141":{"start":{"line":142,"column":0},"end":{"line":142,"column":20}},"142":{"start":{"line":143,"column":0},"end":{"line":143,"column":53}},"143":{"start":{"line":144,"column":0},"end":{"line":144,"column":59}},"144":{"start":{"line":145,"column":0},"end":{"line":145,"column":28}},"145":{"start":{"line":146,"column":0},"end":{"line":146,"column":56}},"146":{"start":{"line":147,"column":0},"end":{"line":147,"column":59}},"147":{"start":{"line":148,"column":0},"end":{"line":148,"column":55}},"148":{"start":{"line":149,"column":0},"end":{"line":149,"column":6}},"149":{"start":{"line":150,"column":0},"end":{"line":150,"column":0}},"150":{"start":{"line":151,"column":0},"end":{"line":151,"column":49}},"151":{"start":{"line":152,"column":0},"end":{"line":152,"column":14}},"152":{"start":{"line":153,"column":0},"end":{"line":153,"column":10}},"153":{"start":{"line":154,"column":0},"end":{"line":154,"column":8}},"154":{"start":{"line":155,"column":0},"end":{"line":155,"column":29}},"155":{"start":{"line":156,"column":0},"end":{"line":156,"column":0}},"156":{"start":{"line":157,"column":0},"end":{"line":157,"column":26}},"157":{"start":{"line":158,"column":0},"end":{"line":158,"column":35}},"158":{"start":{"line":159,"column":0},"end":{"line":159,"column":22}},"159":{"start":{"line":160,"column":0},"end":{"line":160,"column":33}},"160":{"start":{"line":161,"column":0},"end":{"line":161,"column":9}},"161":{"start":{"line":162,"column":0},"end":{"line":162,"column":5}},"162":{"start":{"line":163,"column":0},"end":{"line":163,"column":0}},"163":{"start":{"line":164,"column":0},"end":{"line":164,"column":61}},"164":{"start":{"line":165,"column":0},"end":{"line":165,"column":4}},"165":{"start":{"line":166,"column":0},"end":{"line":166,"column":2}},"166":{"start":{"line":167,"column":0},"end":{"line":167,"column":0}},"167":{"start":{"line":168,"column":0},"end":{"line":168,"column":2}},"168":{"start":{"line":169,"column":0},"end":{"line":169,"column":16}},"169":{"start":{"line":170,"column":0},"end":{"line":170,"column":52}},"170":{"start":{"line":171,"column":0},"end":{"line":171,"column":64}},"171":{"start":{"line":172,"column":0},"end":{"line":172,"column":2}},"172":{"start":{"line":173,"column":0},"end":{"line":173,"column":14}},"173":{"start":{"line":174,"column":0},"end":{"line":174,"column":18}},"174":{"start":{"line":175,"column":0},"end":{"line":175,"column":55}},"175":{"start":{"line":176,"column":0},"end":{"line":176,"column":47}},"176":{"start":{"line":177,"column":0},"end":{"line":177,"column":14}},"177":{"start":{"line":178,"column":0},"end":{"line":178,"column":25}},"178":{"start":{"line":179,"column":0},"end":{"line":179,"column":8}},"179":{"start":{"line":180,"column":0},"end":{"line":180,"column":16}},"180":{"start":{"line":181,"column":0},"end":{"line":181,"column":0}},"181":{"start":{"line":182,"column":0},"end":{"line":182,"column":31}},"182":{"start":{"line":183,"column":0},"end":{"line":183,"column":35}},"183":{"start":{"line":184,"column":0},"end":{"line":184,"column":22}},"184":{"start":{"line":185,"column":0},"end":{"line":185,"column":34}},"185":{"start":{"line":186,"column":0},"end":{"line":186,"column":36}},"186":{"start":{"line":187,"column":0},"end":{"line":187,"column":9}},"187":{"start":{"line":188,"column":0},"end":{"line":188,"column":5}},"188":{"start":{"line":189,"column":0},"end":{"line":189,"column":0}},"189":{"start":{"line":190,"column":0},"end":{"line":190,"column":33}},"190":{"start":{"line":191,"column":0},"end":{"line":191,"column":23}},"191":{"start":{"line":192,"column":0},"end":{"line":192,"column":7}},"192":{"start":{"line":193,"column":0},"end":{"line":193,"column":4}},"193":{"start":{"line":194,"column":0},"end":{"line":194,"column":2}},"194":{"start":{"line":195,"column":0},"end":{"line":195,"column":0}},"195":{"start":{"line":196,"column":0},"end":{"line":196,"column":2}},"196":{"start":{"line":197,"column":0},"end":{"line":197,"column":14}},"197":{"start":{"line":198,"column":0},"end":{"line":198,"column":50}},"198":{"start":{"line":199,"column":0},"end":{"line":199,"column":89}},"199":{"start":{"line":200,"column":0},"end":{"line":200,"column":27}},"200":{"start":{"line":201,"column":0},"end":{"line":201,"column":2}},"201":{"start":{"line":202,"column":0},"end":{"line":202,"column":12}},"202":{"start":{"line":203,"column":0},"end":{"line":203,"column":15}},"203":{"start":{"line":204,"column":0},"end":{"line":204,"column":55}},"204":{"start":{"line":205,"column":0},"end":{"line":205,"column":22}},"205":{"start":{"line":206,"column":0},"end":{"line":206,"column":11}},"206":{"start":{"line":207,"column":0},"end":{"line":207,"column":17}},"207":{"start":{"line":208,"column":0},"end":{"line":208,"column":19}},"208":{"start":{"line":209,"column":0},"end":{"line":209,"column":11}},"209":{"start":{"line":210,"column":0},"end":{"line":210,"column":18}},"210":{"start":{"line":211,"column":0},"end":{"line":211,"column":19}},"211":{"start":{"line":212,"column":0},"end":{"line":212,"column":17}},"212":{"start":{"line":213,"column":0},"end":{"line":213,"column":17}},"213":{"start":{"line":214,"column":0},"end":{"line":214,"column":0}},"214":{"start":{"line":215,"column":0},"end":{"line":215,"column":59}},"215":{"start":{"line":216,"column":0},"end":{"line":216,"column":46}},"216":{"start":{"line":217,"column":0},"end":{"line":217,"column":5}},"217":{"start":{"line":218,"column":0},"end":{"line":218,"column":63}},"218":{"start":{"line":219,"column":0},"end":{"line":219,"column":48}},"219":{"start":{"line":220,"column":0},"end":{"line":220,"column":5}},"220":{"start":{"line":221,"column":0},"end":{"line":221,"column":80}},"221":{"start":{"line":222,"column":0},"end":{"line":222,"column":47}},"222":{"start":{"line":223,"column":0},"end":{"line":223,"column":42}},"223":{"start":{"line":224,"column":0},"end":{"line":224,"column":69}},"224":{"start":{"line":225,"column":0},"end":{"line":225,"column":47}},"225":{"start":{"line":226,"column":0},"end":{"line":226,"column":5}},"226":{"start":{"line":227,"column":0},"end":{"line":227,"column":71}},"227":{"start":{"line":228,"column":0},"end":{"line":228,"column":48}},"228":{"start":{"line":229,"column":0},"end":{"line":229,"column":5}},"229":{"start":{"line":230,"column":0},"end":{"line":230,"column":8}},"230":{"start":{"line":231,"column":0},"end":{"line":231,"column":43}},"231":{"start":{"line":232,"column":0},"end":{"line":232,"column":20}},"232":{"start":{"line":233,"column":0},"end":{"line":233,"column":36}},"233":{"start":{"line":234,"column":0},"end":{"line":234,"column":7}},"234":{"start":{"line":235,"column":0},"end":{"line":235,"column":49}},"235":{"start":{"line":236,"column":0},"end":{"line":236,"column":5}},"236":{"start":{"line":237,"column":0},"end":{"line":237,"column":0}},"237":{"start":{"line":238,"column":0},"end":{"line":238,"column":28}},"238":{"start":{"line":239,"column":0},"end":{"line":239,"column":35}},"239":{"start":{"line":240,"column":0},"end":{"line":240,"column":22}},"240":{"start":{"line":241,"column":0},"end":{"line":241,"column":35}},"241":{"start":{"line":242,"column":0},"end":{"line":242,"column":14}},"242":{"start":{"line":243,"column":0},"end":{"line":243,"column":9}},
[...]
:146,"column":54}},"locations":[{"start":{"line":146,"column":21},"end":{"line":146,"column":54}}]},"38":{"type":"branch","line":147,"loc":{"start":{"line":147,"column":22},"end":{"line":147,"column":57}},"locations":[{"start":{"line":147,"column":22},"end":{"line":147,"column":57}}]},"39":{"type":"branch","line":148,"loc":{"start":{"line":148,"column":21},"end":{"line":148,"column":54}},"locations":[{"start":{"line":148,"column":21},"end":{"line":148,"column":54}}]},"40":{"type":"branch","line":157,"loc":{"start":{"line":157,"column":25},"end":{"line":164,"column":61}},"locations":[{"start":{"line":157,"column":25},"end":{"line":164,"column":61}}]},"41":{"type":"branch","line":175,"loc":{"start":{"line":175,"column":15},"end":{"line":193,"column":4}},"locations":[{"start":{"line":175,"column":15},"end":{"line":193,"column":4}}]},"42":{"type":"branch","line":175,"loc":{"start":{"line":175,"column":49},"end":{"line":193,"column":4}},"locations":[{"start":{"line":175,"column":49},"end":{"line":193,"column":4}}]},"43":{"type":"branch","line":176,"loc":{"start":{"line":176,"column":27},"end":{"line":180,"column":16}},"locations":[{"start":{"line":176,"column":27},"end":{"line":180,"column":16}}]},"44":{"type":"branch","line":182,"loc":{"start":{"line":182,"column":30},"end":{"line":192,"column":7}},"locations":[{"start":{"line":182,"column":30},"end":{"line":192,"column":7}}]},"45":{"type":"branch","line":204,"loc":{"start":{"line":204,"column":15},"end":{"line":259,"column":4}},"locations":[{"start":{"line":204,"column":15},"end":{"line":259,"column":4}}]},"46":{"type":"branch","line":204,"loc":{"start":{"line":204,"column":49},"end":{"line":259,"column":4}},"locations":[{"start":{"line":204,"column":49},"end":{"line":259,"column":4}}]},"47":{"type":"branch","line":215,"loc":{"start":{"line":215,"column":41},"end":{"line":215,"column":56}},"locations":[{"start":{"line":215,"column":41},"end":{"line":215,"column":56}}]},"48":{"type":"branch","line":215,"loc":{"start":{"line":215,"column":58},"end":{"line":217,"column":5}},"locations":[{"start":{"line":215,"column":58},"end":{"line":217,"column":5}}]},"49":{"type":"branch","line":218,"loc":{"start":{"line":218,"column":43},"end":{"line":218,"column":60}},"locations":[{"start":{"line":218,"column":43},"end":{"line":218,"column":60}}]},"50":{"type":"branch","line":218,"loc":{"start":{"line":218,"column":62},"end":{"line":220,"column":5}},"locations":[{"start":{"line":218,"column":62},"end":{"line":220,"column":5}}]},"51":{"type":"branch","line":221,"loc":{"start":{"line":221,"column":35},"end":{"line":221,"column":44}},"locations":[{"start":{"line":221,"column":35},"end":{"line":221,"column":44}}]},"52":{"type":"branch","line":221,"loc":{"start":{"line":221,"column":46},"end":{"line":221,"column":80}},"locations":[{"start":{"line":221,"column":46},"end":{"line":221,"column":80}}]},"53":{"type":"branch","line":222,"loc":{"start":{"line":222,"column":12},"end":{"line":222,"column":46}},"locations":[{"start":{"line":222,"column":12},"end":{"line":222,"column":46}}]},"54":{"type":"branch","line":223,"loc":{"start":{"line":223,"column":6},"end":{"line":223,"column":42}},"locations":[{"start":{"line":223,"column":6},"end":{"line":223,"column":42}}]},"55":{"type":"branch","line":224,"loc":{"start":{"line":224,"column":42},"end":{"line":224,"column":66}},"locations":[{"start":{"line":224,"column":42},"end":{"line":224,"column":66}}]},"56":{"type":"branch","line":224,"loc":{"start":{"line":224,"column":68},"end":{"line":226,"column":5}},"locations":[{"start":{"line":224,"column":68},"end":{"line":226,"column":5}}]},"57":{"type":"branch","line":227,"loc":{"start":{"line":227,"column":43},"end":{"line":227,"column":68}},"locations":[{"start":{"line":227,"column":43},"end":{"line":227,"column":68}}]},"58":{"type":"branch","line":227,"loc":{"start":{"line":227,"column":70},"end":{"line":229,"column":5}},"locations":[{"start":{"line":227,"column":70},"end":{"line":229,"column":5}}]},"59":{"type":"branch","line":231,"loc":{"start":{"line":231,"column":40},"end":{"line":232,"column":17}},"locations":[{"start":{"line":231,"column":40},"end":{"line":232,"column":17}}]},"60":{"type":"branch","line":232,"loc":{"start":{"line":232,"column":17},"end":{"line":233,"column":36}},"locations":[{"start":{"line":232,"column":17},"end":{"line":233,"column":36}}]},"61":{"type":"branch","line":234,"loc":{"start":{"line":234,"column":6},"end":{"line":236,"column":5}},"locations":[{"start":{"line":234,"column":6},"end":{"line":236,"column":5}}]},"62":{"type":"branch","line":238,"loc":{"start":{"line":238,"column":27},"end":{"line":244,"column":5}},"locations":[{"start":{"line":238,"column":27},"end":{"line":244,"column":5}}]},"63":{"type":"branch","line":245,"loc":{"start":{"line":245,"column":-1},"end":{"line":248,"column":51}},"locations":[{"start":{"line":245,"column":-1},"end":{"line":248,"column":51}}]},"64":{"type":"branch","line":249,"loc":{"start":{"line":249,"column":22},"end":{"line":249,"column":57}},"locations":[{"start":{"line":249,"column":22},"end":{"line":249,"column":57}}]},"65":{"type":"branch","line":250,"loc":{"start":{"line":250,"column":14},"end":{"line":250,"column":26}},"locations":[{"start":{"line":250,"column":14},"end":{"line":250,"column":26}}]},"66":{"type":"branch","line":251,"loc":{"start":{"line":251,"column":21},"end":{"line":251,"column":54}},"locations":[{"start":{"line":251,"column":21},"end":{"line":251,"column":54}}]},"67":{"type":"branch","line":252,"loc":{"start":{"line":252,"column":22},"end":{"line":252,"column":57}},"locations":[{"start":{"line":252,"column":22},"end":{"line":252,"column":57}}]},"68":{"type":"branch","line":253,"loc":{"start":{"line":253,"column":21},"end":{"line":253,"column":54}},"locations":[{"start":{"line":253,"column":21},"end":{"line":253,"column":54}}]}},"b":{"0":[28],"1":[5],"2":[21],"3":[1],"4":[1],"5":[1],"6":[6],"7":[6],"8":[1],"9":[5],"10":[1],"11":[4],"12":[2],"13":[2],"14":[2],"15":[2],"16":[2],"17":[1],"18":[6],"19":[6],"20":[1],"21":[1],"22":[1],"23":[5],"24":[1],"25":[4],"26":[1],"27":[5],"28":[1],"29":[5],"30":[1],"31":[1],"32":[1],"33":[4],"34":[2],"35":[2],"36":[1],"37":[1],"38":[0],"39":[0],"40":[1],"41":[2],"42":[2],"43":[2],"44":[1],"45":[5],"46":[5],"47":[4],"48":[2],"49":[4],"50":[2],"51":[4],"52":[2],"53":[3],"54":[1],"55":[4],"56":[2],"57":[4],"58":[2],"59":[2],"60":[1],"61":[1],"62":[4],"63":[1],"64":[1],"65":[1],"66":[1],"67":[0],"68":[0]},"fnMap":{"0":{"name":"parseDate","decl":{"start":{"line":9,"column":18},"end":{"line":9,"column":44}},"loc":{"start":{"line":9,"column":18},"end":{"line":9,"column":44}},"line":9},"1":{"name":"asyncHandler","decl":{"start":{"line":22,"column":2},"end":{"line":23,"column":11}},"loc":{"start":{"line":22,"column":2},"end":{"line":23,"column":11}},"line":22}},"f":{"0":28,"1":5}}
,"/Users/olivier/Documents/dev/workspace/sunday/bookings-service/src/utils.js": {"path":"/Users/olivier/Documents/dev/workspace/sunday/bookings-service/src/utils.js","all":false,"statementMap":{"0":{"start":{"line":1,"column":0},"end":{"line":1,"column":40}},"1":{"start":{"line":2,"column":0},"end":{"line":2,"column":0}},"2":{"start":{"line":3,"column":0},"end":{"line":3,"column":80}},"3":{"start":{"line":4,"column":0},"end":{"line":4,"column":0}},"4":{"start":{"line":5,"column":0},"end":{"line":5,"column":110}},"5":{"start":{"line":6,"column":0},"end":{"line":6,"column":0}},"6":{"start":{"line":7,"column":0},"end":{"line":7,"column":68}},"7":{"start":{"line":8,"column":0},"end":{"line":8,"column":0}},"8":{"start":{"line":9,"column":0},"end":{"line":9,"column":28}},"9":{"start":{"line":10,"column":0},"end":{"line":10,"column":20}},"10":{"start":{"line":11,"column":0},"end":{"line":11,"column":17}},"11":{"start":{"line":12,"column":0},"end":{"line":12,"column":0}},"12":{"start":{"line":13,"column":0},"end":{"line":13,"column":35}},"13":{"start":{"line":14,"column":0},"end":{"line":14,"column":40}},"14":{"start":{"line":15,"column":0},"end":{"line":15,"column":7}},"15":{"start":{"line":16,"column":0},"end":{"line":16,"column":0}},"16":{"start":{"line":17,"column":0},"end":{"line":17,"column":13}},"17":{"start":{"line":18,"column":0},"end":{"line":18,"column":3}},"18":{"start":{"line":19,"column":0},"end":{"line":19,"column":0}},"19":{"start":{"line":20,"column":0},"end":{"line":20,"column":19}},"20":{"start":{"line":21,"column":0},"end":{"line":21,"column":40}},"21":{"start":{"line":22,"column":0},"end":{"line":22,"column":3}},"22":{"start":{"line":23,"column":0},"end":{"line":23,"column":0}},"23":{"start":{"line":24,"column":0},"end":{"line":24,"column":11}},"24":{"start":{"line":25,"column":0},"end":{"line":25,"column":2}},"25":{"start":{"line":26,"column":0},"end":{"line":26,"column":0}},"26":{"start":{"line":27,"column":0},"end":{"line":27,"column":28}},"27":{"start":{"line":28,"column":0},"end":{"line":28,"column":20}},"28":{"start":{"line":29,"column":0},"end":{"line":29,"column":17}},"29":{"start":{"line":30,"column":0},"end":{"line":30,"column":0}},"30":{"start":{"line":31,"column":0},"end":{"line":31,"column":35}},"31":{"start":{"line":32,"column":0},"end":{"line":32,"column":40}},"32":{"start":{"line":33,"column":0},"end":{"line":33,"column":7}},"33":{"start":{"line":34,"column":0},"end":{"line":34,"column":0}},"34":{"start":{"line":35,"column":0},"end":{"line":35,"column":13}},"35":{"start":{"line":36,"column":0},"end":{"line":36,"column":3}},"36":{"start":{"line":37,"column":0},"end":{"line":37,"column":0}},"37":{"start":{"line":38,"column":0},"end":{"line":38,"column":19}},"38":{"start":{"line":39,"column":0},"end":{"line":39,"column":40}},"39":{"start":{"line":40,"column":0},"end":{"line":40,"column":3}},"40":{"start":{"line":41,"column":0},"end":{"line":41,"column":0}},"41":{"start":{"line":42,"column":0},"end":{"line":42,"column":11}},"42":{"start":{"line":43,"column":0},"end":{"line":43,"column":2}},"43":{"start":{"line":44,"column":0},"end":{"line":44,"column":0}},"44":{"start":{"line":45,"column":0},"end":{"line":45,"column":48}},"45":{"start":{"line":46,"column":0},"end":{"line":46,"column":26}},"46":{"start":{"line":47,"column":0},"end":{"line":47,"column":3}},"47":{"start":{"line":48,"column":0},"end":{"line":48,"column":0}},"48":{"start":{"line":49,"column":0},"end":{"line":49,"column":18}},"49":{"start":{"line":50,"column":0},"end":{"line":50,"column":11}},"50":{"start":{"line":51,"column":0},"end":{"line":51,"column":10}},"51":{"start":{"line":52,"column":0},"end":{"line":52,"column":10}},"52":{"start":{"line":53,"column":0},"end":{"line":53,"column":14}},"53":{"start":{"line":54,"column":0},"end":{"line":54,"column":14}},"54":{"start":{"line":55,"column":0},"end":{"line":55,"column":8}},"55":{"start":{"line":56,"column":0},"end":{"line":56,"column":2}}},"s":{"0":1,"1":1,"2":1,"3":1,"4":1,"5":1,"6":1,"7":1,"8":1,"9":20,"10":2,"11":2,"12":2,"13":18,"14":2,"15":2,"16":2,"17":2,"18":18,"19":20,"20":0,"21":0,"22":18,"23":18,"24":1,"25":1,"26":1,"27":0,"28":0,"29":0,"30":0,"31":0,"32":0,"33":0,"34":0,"35":0,"36":0,"37":0,"38":0,"39":0,"40":0,"41":0,"42":1,"43":1,"44":1,"45":0,"46":1,"47":1,"48":1,"49":1,"50":1,"51":1,"52":1,"53":1,"54":1,"55":1},"branchMap":{"0":{"type":"branch","line":1,"loc":{"start":{"line":1,"column":0},"end":{"line":56,"column":2}},"locations":[{"start":{"line":1,"column":0},"end":{"line":56,"column":2}}]},"1":{"type":"branch","line":1,"loc":{"start":{"line":1,"column":0},"end":{"line":56,"column":2}},"locations":[{"start":{"line":1,"column":0},"end":{"line":56,"column":2}}]},"2":{"type":"branch","line":1,"loc":{"start":{"line":1,"column":16},"end":{"line":1,"column":39}},"locations":[{"start":{"line":1,"column":16},"end":{"line":1,"column":39}}]},"3":{"type":"branch","line":3,"loc":{"start":{"line":3,"column":17},"end":{"line":3,"column":79}},"locations":[{"start":{"line":3,"column":17},"end":{"line":3,"column":79}}]},"4":{"type":"branch","line":5,"loc":{"start":{"line":5,"column":16},"end":{"line":5,"column":109}},"locations":[{"start":{"line":5,"column":16},"end":{"line":5,"column":109}}]},"5":{"type":"branch","line":5,"loc":{"start":{"line":5,"column":50},"end":{"line":5,"column":108}},"locations":[{"start":{"line":5,"column":50},"end":{"line":5,"column":108}}]},"6":{"type":"branch","line":9,"loc":{"start":{"line":9,"column":20},"end":{"line":25,"column":1}},"locations":[{"start":{"line":9,"column":20},"end":{"line":25,"column":1}}]},"7":{"type":"branch","line":10,"loc":{"start":{"line":10,"column":19},"end":{"line":18,"column":3}},"locations":[{"start":{"line":10,"column":19},"end":{"line":18,"column":3}}]},"8":{"type":"branch","line":19,"loc":{"start":{"line":19,"column":-1},"end":{"line":20,"column":18}},"locations":[{"start":{"line":19,"column":-1},"end":{"line":20,"column":18}}]},"9":{"type":"branch","line":20,"loc":{"start":{"line":20,"column":18},"end":{"line":22,"column":3}},"locations":[{"start":{"line":20,"column":18},"end":{"line":22,"column":3}}]},"10":{"type":"branch","line":23,"loc":{"start":{"line":23,"column":-1},"end":{"line":25,"column":0}},"locations":[{"start":{"line":23,"column":-1},"end":{"line":25,"column":0}}]},"11":{"type":"branch","line":13,"loc":{"start":{"line":13,"column":27},"end":{"line":15,"column":5}},"locations":[{"start":{"line":13,"column":27},"end":{"line":15,"column":5}}]}},"b":{"0":[1],"1":[1],"2":[18],"3":[20],"4":[18],"5":[14],"6":[20],"7":[2],"8":[18],"9":[0],"10":[18],"11":[18]},"fnMap":{"0":{"name":"Object.<anonymous>","decl":{"start":{"line":1,"column":0},"end":{"line":56,"column":2}},"loc":{"start":{"line":1,"column":0},"end":{"line":56,"column":2}},"line":1},"1":{"name":"isArray","decl":{"start":{"line":1,"column":16},"end":{"line":1,"column":39}},"loc":{"start":{"line":1,"column":16},"end":{"line":1,"column":39}},"line":1},"2":{"name":"isObject","decl":{"start":{"line":3,"column":17},"end":{"line":3,"column":79}},"loc":{"start":{"line":3,"column":17},"end":{"line":3,"column":79}},"line":3},"3":{"name":"toCamel","decl":{"start":{"line":5,"column":16},"end":{"line":5,"column":109}},"loc":{"start":{"line":5,"column":16},"end":{"line":5,"column":109}},"line":5},"4":{"name":"toSnake","decl":{"start":{"line":7,"column":16},"end":{"line":7,"column":67}},"loc":{"start":{"line":7,"column":16},"end":{"line":7,"column":67}},"line":7},"5":{"name":"keysToCamel","decl":{"start":{"line":9,"column":20},"end":{"line":25,"column":1}},"loc":{"start":{"line":9,"column":20},"end":{"line":25,"column":1}},"line":9},"6":{"name":"keysToSnake","decl":{"start":{"line":27,"column":20},"end":{"line":43,"column":1}},"loc":{"start":{"line":27,"column":20},"end":{"line":43,"column":1}},"line":27},"7":{"name":"sleep","decl":{"start":{"line":45,"column":14},"end":{"line":47,"column":2}},"loc":{"start":{"line":45,"column":14},"end":{"line":47,"column":2}},"line":45}},"f":{"0":1,"1":18,"2":20,"3":18,"4":0,"5":20,"6":0,"7":0}}
,"/Users/olivier/Documents/dev/workspace/sunday/bookings-service/src/db/knexfile.ts": {"path":"/Users/olivier/Documents/dev/workspace/sunday/bookings-service/src/db/knexfile.ts","all":false,"statementMap":{"0":{"start":{"line":1,"column":0},"end":{"line":1,"column":28}},"1":{"start":{"line":2,"column":0},"end":{"line":2,"column":0}},"2":{"start":{"line":3,"column":0},"end":{"line":3,"column":20}},"3":{"start":{"line":4,"column":0},"end":{"line":4,"column":15}},"4":{"start":{"line":5,"column":0},"end":{"line":5,"column":15}},"5":{"start":{"line":6,"column":0},"end":{"line":6,"column":38}},"6":{"start":{"line":7,"column":0},"end":{"line":7,"column":21}},"7":{"start":{"line":8,"column":0},"end":{"line":8,"column":24}},"8":{"start":{"line":9,"column":0},"end":{"line":9,"column":4}},"9":{"start":{"line":10,"column":0},"end":{"line":10,"column":9}},"10":{"start":{"line":11,"column":0},"end":{"line":11,"column":11}},"11":{"start":{"line":12,"column":0},"end":{"line":12,"column":11}},"12":{"start":{"line":13,"column":0},"end":{"line":13,"column":4}},"13":{"start":{"line":14,"column":0},"end":{"line":14,"column":15}},"14":{"start":{"line":15,"column":0},"end":{"line":15,"column":27}},"15":{"start":{"line":16,"column":0},"end":{"line":16,"column":3}},"16":{"start":{"line":17,"column":0},"end":{"line":17,"column":2}},"17":{"start":{"line":18,"column":0},"end":{"line":18,"column":0}},"18":{"start":{"line":19,"column":0},"end":{"line":19,"column":16}},"19":{"start":{"line":20,"column":0},"end":{"line":20,"column":15}},"20":{"start":{"line":21,"column":0},"end":{"line":21,"column":15}},"21":{"start":{"line":22,"column":0},"end":{"line":22,"column":33}},"22":{"start":{"line":23,"column":0},"end":{"line":23,"column":21}},"23":{"start":{"line":24,"column":0},"end":{"line":24,"column":24}},"24":{"start":{"line":25,"column":0},"end":{"line":25,"column":4}},"25":{"start":{"line":26,"column":0},"end":{"line":26,"column":9}},"26":{"start":{"line":27,"column":0},"end":{"line":27,"column":11}},"27":{"start":{"line":28,"column":0},"end":{"line":28,"column":11}},"28":{"start":{"line":29,"column":0},"end":{"line":29,"column":4}},"29":{"start":{"line":30,"column":0},"end":{"line":30,"column":15}},"30":{"start":{"line":31,"column":0},"end":{"line":31,"column":27}},"31":{"start":{"line":32,"column":0},"end":{"line":32,"column":3}},"32":{"start":{"line":33,"column":0},"end":{"line":33,"column":2}},"33":{"start":{"line":34,"column":0},"end":{"line":34,"column":0}},"34":{"start":{"line":35,"column":0},"end":{"line":35,"column":19}},"35":{"start":{"line":36,"column":0},"end":{"line":36,"column":18}},"36":{"start":{"line":37,"column":0},"end":{"line":37,"column":18}},"37":{"start":{"line":38,"column":0},"end":{"line":38,"column":41}},"38":{"start":{"line":39,"column":0},"end":{"line":39,"column":39}},"39":{"start":{"line":40,"column":0},"end":{"line":40,"column":46}},"40":{"start":{"line":41,"column":0},"end":{"line":41,"column":7}},"41":{"start":{"line":42,"column":0},"end":{"line":42,"column":12}},"42":{"start":{"line":43,"column":0},"end":{"line":43,"column":14}},"43":{"start":{"line":44,"column":0},"end":{"line":44,"column":14}},"44":{"start":{"line":45,"column":0},"end":{"line":45,"column":7}},"45":{"start":{"line":46,"column":0},"end":{"line":46,"column":18}},"46":{"start":{"line":47,"column":0},"end":{"line":47,"column":31}},"47":{"start":{"line":48,"column":0},"end":{"line":48,"column":30}},"48":{"start":{"line":49,"column":0},"end":{"line":49,"column":6}},"49":{"start":{"line":50,"column":0},"end":{"line":50,"column":5}},"50":{"start":{"line":51,"column":0},"end":{"line":51,"column":0}},"51":{"start":{"line":52,"column":0},"end":{"line":52,"column":42}},"52":{"start":{"line":53,"column":0},"end":{"line":53,"column":80}},"53":{"start":{"line":54,"column":0},"end":{"line":54,"column":1}},"54":{"start":{"line":55,"column":0},"end":{"line":55,"column":0}},"55":{"start":{"line":56,"column":0},"end":{"line":56,"column":56}}},"s":{"0":1,"1":1,"2":1,"3":1,"4":1,"5":1,"6":1,"7":1,"8":1,"9":1,"10":1,"11":1,"12":1,"13":1,"14":1,"15":1,"16":1,"17":1,"18":1,"19":1,"20":1,"21":1,"22":1,"23":1,"24":1,"25":1,"26":1,"27":1,"28":1,"29":1,"30":1,"31":1,"32":1,"33":1,"34":1,"35":1,"36":1,"37":1,"38":1,"39":1,"40":1,"41":1,"42":1,"43":1,"44":1,"45":1,"46":1,"47":1,"48":1,"49":1,"50":1,"51":1,"52":1,"53":1,"54":1,"55":1},"branchMap":{"0":{"type":"branch","line":56,"loc":{"start":{"line":56,"column":41},"end":{"line":56,"column":54}},"locations":[{"start":{"line":56,"column":41},"end":{"line":56,"column":54}}]},"1":{"type":"branch","line":52,"loc":{"start":{"line":52,"column":0},"end":{"line":54,"column":1}},"locations":[{"start":{"line":52,"column":0},"end":{"line":54,"column":1}}]},"2":{"type":"branch","line":53,"loc":{"start":{"line":53,"column":54},"end":{"line":53,"column":79}},"locations":[{"start":{"line":53,"column":54},"end":{"line":53,"column":79}}]}},"b":{"0":[0],"1":[1],"2":[0]},"fnMap":{"0":{"name":"getDb","decl":{"start":{"line":52,"column":0},"end":{"line":54,"column":1}},"loc":{"start":{"line":52,"column":0},"end":{"line":54,"column":1}},"line":52}},"f":{"0":1}}
}
