TN:
SF:build/app.js
FN:1,Object.<anonymous>
FNF:1
FNH:1
FNDA:1,Object.<anonymous>
DA:1,1
DA:2,1
DA:3,1
DA:4,1
DA:5,1
DA:6,1
DA:7,1
DA:8,1
DA:9,1
LF:9
LH:9
BRDA:1,0,0,1
BRDA:1,1,0,1
BRF:2
BRH:2
end_of_record
TN:
SF:build/routes.js
FN:1,Object.<anonymous>
FN:2,Object.<anonymous>.__assign
FN:3,__assign
FN:13,Object.<anonymous>.__awaiter
FN:14,adopt
FN:16,fulfilled
FN:17,rejected
FN:18,step
FN:22,Object.<anonymous>.__generator
FN:23,sent
FN:24,g.<computed>
FN:25,verb
FN:26,step
FN:54,parseDate
FN:60,asyncHandler
FNF:15
FNH:12
FNDA:1,Object.<anonymous>
FNDA:2,Object.<anonymous>.__assign
FNDA:0,__assign
FNDA:22,Object.<anonymous>.__awaiter
FNDA:11,adopt
FNDA:11,fulfilled
FNDA:0,rejected
FNDA:33,step
FNDA:22,Object.<anonymous>.__generator
FNDA:11,sent
FNDA:0,g.<computed>
FNDA:66,verb
FNDA:33,step
FNDA:28,parseDate
FNDA:5,asyncHandler
DA:1,1
DA:2,1
DA:3,2
DA:4,0
DA:5,0
DA:6,0
DA:7,0
DA:8,0
DA:9,0
DA:10,2
DA:11,2
DA:12,1
DA:13,1
DA:14,22
DA:15,22
DA:16,22
DA:17,22
DA:18,22
DA:19,22
DA:20,22
DA:21,1
DA:22,1
DA:23,22
DA:24,22
DA:25,22
DA:26,22
DA:27,33
DA:28,33
DA:29,66
DA:30,66
DA:31,66
DA:32,66
DA:33,66
DA:34,66
DA:35,66
DA:36,66
DA:37,22
DA:38,22
DA:39,22
DA:40,22
DA:41,0
DA:42,0
DA:43,66
DA:44,33
DA:45,66
DA:46,33
DA:47,33
DA:48,1
DA:49,1
DA:50,1
DA:51,1
DA:52,1
DA:53,1
DA:54,1
DA:55,1
DA:56,1
DA:57,1
DA:58,1
DA:59,1
DA:60,1
DA:61,21
DA:62,1
DA:63,1
DA:64,1
DA:65,1
DA:66,1
DA:67,1
DA:68,1
DA:69,1
DA:70,1
DA:71,1
DA:72,1
DA:73,6
DA:74,6
DA:75,10
DA:76,10
DA:77,6
DA:78,6
DA:79,1
DA:80,1
DA:81,1
DA:82,1
DA:83,1
DA:84,1
DA:85,6
DA:86,1
DA:87,1
DA:88,1
DA:89,1
DA:90,1
DA:91,1
DA:92,4
DA:93,6
DA:94,6
DA:95,10
DA:96,4
DA:97,4
DA:98,10
DA:99,6
DA:100,1
DA:101,1
DA:102,1
DA:103,1
DA:104,1
DA:105,1
DA:106,1
DA:107,2
DA:108,2
DA:109,4
DA:110,4
DA:111,2
DA:112,2
DA:113,2
DA:114,2
DA:115,4
DA:116,2
DA:117,2
DA:118,1
DA:119,1
DA:120,1
DA:121,1
DA:122,1
DA:123,1
DA:124,1
DA:125,4
DA:126,2
DA:127,1
DA:128,1
DA:129,1
DA:130,1
DA:131,1
DA:132,1
DA:133,1
DA:134,1
DA:135,6
DA:136,6
DA:137,8
DA:138,8
DA:139,6
DA:140,6
DA:141,6
DA:142,6
DA:143,6
DA:144,6
DA:145,1
DA:146,1
DA:147,6
DA:148,1
DA:149,1
DA:150,6
DA:151,6
DA:152,6
DA:153,6
DA:154,6
DA:155,1
DA:156,1
DA:157,6
DA:158,1
DA:159,1
DA:160,6
DA:161,1
DA:162,1
DA:163,6
DA:164,4
DA:165,4
DA:166,4
DA:167,4
DA:168,4
DA:169,4
DA:170,6
DA:171,6
DA:172,6
DA:173,6
DA:174,6
DA:175,6
DA:176,8
DA:177,2
DA:178,2
DA:179,1
DA:180,1
DA:181,1
DA:182,1
DA:183,1
DA:184,1
DA:185,8
DA:186,6
DA:187,1
DA:188,1
DA:189,1
DA:190,1
DA:191,1
DA:192,1
DA:193,1
DA:194,2
DA:195,2
DA:196,4
DA:197,4
DA:198,2
DA:199,2
DA:200,2
DA:201,2
DA:202,4
DA:203,2
DA:204,2
DA:205,1
DA:206,1
DA:207,1
DA:208,1
DA:209,1
DA:210,1
DA:211,1
DA:212,1
DA:213,1
DA:214,4
DA:215,2
DA:216,1
DA:217,1
DA:218,1
DA:219,1
DA:220,1
DA:221,1
DA:222,1
DA:223,1
DA:224,5
DA:225,5
DA:226,6
DA:227,6
DA:228,5
DA:229,5
DA:230,5
DA:231,2
DA:232,2
DA:233,5
DA:234,2
DA:235,2
DA:236,5
DA:237,5
DA:238,5
DA:239,5
DA:240,5
DA:241,2
DA:242,2
DA:243,5
DA:244,2
DA:245,2
DA:246,5
DA:247,1
DA:248,1
DA:249,5
DA:250,4
DA:251,4
DA:252,4
DA:253,4
DA:254,4
DA:255,4
DA:256,5
DA:257,5
DA:258,6
DA:259,1
DA:260,1
DA:261,6
DA:262,5
DA:263,1
DA:264,1
LF:264
LH:256
BRDA:1,0,0,1
BRDA:1,1,0,1
BRDA:2,2,0,2
BRDA:3,3,0,0
BRDA:13,4,0,22
BRDA:14,5,0,11
BRDA:14,6,0,0
BRDA:14,7,0,11
BRDA:15,8,0,22
BRDA:16,9,0,11
BRDA:16,10,0,0
BRDA:18,11,0,33
BRDA:18,12,0,22
BRDA:18,13,0,11
BRDA:22,14,0,22
BRDA:23,15,0,11
BRDA:23,16,0,0
BRDA:25,17,0,66
BRDA:25,18,0,33
BRDA:26,19,0,33
BRDA:27,20,0,0
BRDA:28,21,0,66
BRDA:29,22,0,0
BRDA:29,23,0,0
BRDA:29,24,0,0
BRDA:30,25,0,0
BRDA:32,26,0,33
BRDA:32,27,0,33
BRDA:33,28,0,11
BRDA:34,29,0,0
BRDA:35,30,0,0
BRDA:36,31,0,22
BRDA:37,32,0,0
BRDA:38,33,0,0
BRDA:38,34,0,0
BRDA:39,35,0,0
BRDA:40,36,0,0
BRDA:44,37,0,33
BRDA:45,38,0,0
BRDA:45,39,0,33
BRDA:46,40,0,22
BRDA:46,41,0,0
BRDA:46,42,0,22
BRDA:46,43,0,0
BRDA:54,44,0,28
BRDA:60,45,0,5
BRDA:60,46,0,21
BRDA:64,47,0,1
BRDA:64,48,0,1
BRDA:64,49,0,1
BRDA:72,50,0,6
BRDA:72,51,0,6
BRDA:74,52,0,10
BRDA:76,53,0,6
BRDA:78,54,0,1
BRDA:85,55,0,5
BRDA:85,56,0,1
BRDA:92,57,0,4
BRDA:93,58,0,2
BRDA:93,59,0,2
BRDA:95,60,0,4
BRDA:106,61,0,2
BRDA:106,62,0,2
BRDA:108,63,0,4
BRDA:110,64,0,2
BRDA:115,65,0,2
BRDA:117,66,0,1
BRDA:134,67,0,6
BRDA:134,68,0,6
BRDA:136,69,0,8
BRDA:138,70,0,6
BRDA:143,71,0,1
BRDA:144,72,0,1
BRDA:147,73,0,1
BRDA:150,74,0,5
BRDA:151,75,0,1
BRDA:152,76,0,4
BRDA:153,77,0,1
BRDA:154,78,0,5
BRDA:154,79,0,1
BRDA:157,80,0,5
BRDA:157,81,0,1
BRDA:160,82,0,1
BRDA:160,83,0,1
BRDA:163,84,0,4
BRDA:170,85,0,2
BRDA:170,86,0,2
BRDA:170,87,0,1
BRDA:170,88,0,1
BRDA:170,89,0,0
BRDA:170,90,0,0
BRDA:176,91,0,2
BRDA:178,92,0,1
BRDA:193,93,0,2
BRDA:193,94,0,2
BRDA:195,95,0,4
BRDA:197,96,0,2
BRDA:202,97,0,2
BRDA:204,98,0,1
BRDA:223,99,0,5
BRDA:223,100,0,5
BRDA:225,101,0,6
BRDA:227,102,0,5
BRDA:230,103,0,4
BRDA:230,104,0,2
BRDA:233,105,0,4
BRDA:233,106,0,2
BRDA:236,107,0,4
BRDA:237,108,0,2
BRDA:238,109,0,3
BRDA:239,110,0,1
BRDA:240,111,0,4
BRDA:240,112,0,2
BRDA:243,113,0,4
BRDA:243,114,0,2
BRDA:246,115,0,2
BRDA:246,116,0,1
BRDA:246,117,0,1
BRDA:249,118,0,4
BRDA:256,119,0,1
BRDA:256,120,0,1
BRDA:256,121,0,1
BRDA:256,122,0,1
BRDA:256,123,0,0
BRDA:256,124,0,0
BRDA:258,125,0,1
BRF:126
BRH:103
end_of_record
TN:
SF:build/utils.js
FN:1,Object.<anonymous>
FN:2,isArray
FN:3,isObject
FN:4,toCamel
FN:5,toSnake
FN:6,keysToCamel
FN:19,keysToSnake
FN:32,sleep
FNF:8
FNH:5
FNDA:1,Object.<anonymous>
FNDA:18,isArray
FNDA:20,isObject
FNDA:18,toCamel
FNDA:0,toSnake
FNDA:20,keysToCamel
FNDA:0,keysToSnake
FNDA:0,sleep
DA:1,1
DA:2,1
DA:3,1
DA:4,1
DA:5,1
DA:6,1
DA:7,20
DA:8,2
DA:9,2
DA:10,18
DA:11,2
DA:12,2
DA:13,2
DA:14,20
DA:15,0
DA:16,0
DA:17,18
DA:18,1
DA:19,1
DA:20,0
DA:21,0
DA:22,0
DA:23,0
DA:24,0
DA:25,0
DA:26,0
DA:27,0
DA:28,0
DA:29,0
DA:30,0
DA:31,1
DA:32,1
DA:33,0
DA:34,1
DA:35,1
DA:36,1
DA:37,1
DA:38,1
DA:39,1
DA:40,1
DA:41,1
DA:42,1
LF:42
LH:28
BRDA:1,0,0,1
BRDA:1,1,0,1
BRDA:2,2,0,18
BRDA:3,3,0,20
BRDA:4,4,0,18
BRDA:4,5,0,14
BRDA:6,6,0,20
BRDA:7,7,0,2
BRDA:14,8,0,18
BRDA:14,9,0,0
BRDA:17,10,0,18
BRDA:9,11,0,18
BRF:12
BRH:11
end_of_record
TN:
SF:build/db/knexfile.js
FN:1,Object.<anonymous>
FNF:1
FNH:1
FNDA:1,Object.<anonymous>
DA:1,1
DA:2,1
DA:3,1
DA:4,1
DA:5,1
DA:6,1
DA:7,1
DA:8,1
DA:9,1
DA:10,1
DA:11,1
DA:12,1
DA:13,1
DA:14,1
DA:15,1
DA:16,1
DA:17,1
DA:18,1
DA:19,1
DA:20,1
DA:21,1
DA:22,1
DA:23,1
DA:24,1
DA:25,1
DA:26,1
DA:27,1
DA:28,1
DA:29,1
DA:30,1
DA:31,1
DA:32,1
DA:33,1
DA:34,1
DA:35,1
DA:36,1
DA:37,1
DA:38,1
DA:39,1
DA:40,1
DA:41,1
DA:42,1
DA:43,1
DA:44,1
DA:45,1
DA:46,1
DA:47,1
DA:48,1
DA:49,1
DA:50,1
DA:51,1
DA:52,1
DA:53,1
DA:54,1
DA:55,1
DA:56,1
DA:57,1
DA:58,1
DA:59,1
DA:60,1
DA:61,1
DA:62,1
DA:63,1
DA:64,1
LF:64
LH:64
BRDA:1,0,0,1
BRDA:1,1,0,1
BRF:2
BRH:2
end_of_record
TN:
SF:src/app.ts
FNF:0
FNH:0
DA:1,1
DA:2,1
DA:3,1
DA:4,1
DA:5,1
DA:6,1
DA:7,1
DA:8,1
DA:9,1
DA:10,1
DA:11,1
DA:12,1
DA:13,1
LF:13
LH:13
BRF:0
BRH:0
end_of_record
TN:
SF:src/routes.ts
FN:9,parseDate
FN:22,asyncHandler
FNF:2
FNH:2
FNDA:28,parseDate
FNDA:5,asyncHandler
DA:1,1
DA:2,1
DA:3,1
DA:4,1
DA:5,1
DA:6,1
DA:7,1
DA:8,1
DA:9,1
DA:10,1
DA:11,1
DA:12,1
DA:13,1
DA:14,1
DA:15,1
DA:16,1
DA:17,1
DA:18,1
DA:19,1
DA:20,1
DA:21,1
DA:22,1
DA:23,21
DA:24,1
DA:25,1
DA:26,1
DA:27,1
DA:28,1
DA:29,1
DA:30,1
DA:31,1
DA:32,1
DA:33,1
DA:34,1
DA:35,1
DA:36,1
DA:37,1
DA:38,6
DA:39,6
DA:40,6
DA:41,1
DA:42,1
DA:43,1
DA:44,1
DA:45,1
DA:46,1
DA:47,5
DA:48,6
DA:49,1
DA:50,1
DA:51,1
DA:52,1
DA:53,1
DA:54,1
DA:55,4
DA:56,4
DA:57,4
DA:58,4
DA:59,6
DA:60,6
DA:61,6
DA:62,6
DA:63,6
DA:64,6
DA:65,6
DA:66,1
DA:67,1
DA:68,1
DA:69,1
DA:70,1
DA:71,1
DA:72,1
DA:73,1
DA:74,1
DA:75,1
DA:76,2
DA:77,2
DA:78,2
DA:79,2
DA:80,2
DA:81,2
DA:82,2
DA:83,1
DA:84,1
DA:85,1
DA:86,1
DA:87,1
DA:88,1
DA:89,1
DA:90,1
DA:91,2
DA:92,1
DA:93,1
DA:94,1
DA:95,1
DA:96,1
DA:97,1
DA:98,1
DA:99,1
DA:100,1
DA:101,1
DA:102,1
DA:103,6
DA:104,6
DA:105,6
DA:106,6
DA:107,6
DA:108,6
DA:109,6
DA:110,6
DA:111,6
DA:112,6
DA:113,6
DA:114,6
DA:115,6
DA:116,1
DA:117,1
DA:118,6
DA:119,1
DA:120,1
DA:121,6
DA:122,6
DA:123,6
DA:124,6
DA:125,1
DA:126,1
DA:127,6
DA:128,1
DA:129,1
DA:130,6
DA:131,1
DA:132,1
DA:133,6
DA:134,6
DA:135,4
DA:136,4
DA:137,4
DA:138,4
DA:139,4
DA:140,4
DA:141,2
DA:142,2
DA:143,6
DA:144,6
DA:145,6
DA:146,6
DA:147,6
DA:148,6
DA:149,6
DA:150,6
DA:151,6
DA:152,6
DA:153,6
DA:154,6
DA:155,6
DA:156,6
DA:157,6
DA:158,1
DA:159,1
DA:160,1
DA:161,1
DA:162,1
DA:163,1
DA:164,1
DA:165,6
DA:166,1
DA:167,1
DA:168,1
DA:169,1
DA:170,1
DA:171,1
DA:172,1
DA:173,1
DA:174,1
DA:175,1
DA:176,2
DA:177,2
DA:178,2
DA:179,2
DA:180,2
DA:181,2
DA:182,2
DA:183,1
DA:184,1
DA:185,1
DA:186,1
DA:187,1
DA:188,1
DA:189,1
DA:190,1
DA:191,1
DA:192,1
DA:193,2
DA:194,1
DA:195,1
DA:196,1
DA:197,1
DA:198,1
DA:199,1
DA:200,1
DA:201,1
DA:202,1
DA:203,1
DA:204,1
DA:205,5
DA:206,5
DA:207,5
DA:208,5
DA:209,5
DA:210,5
DA:211,5
DA:212,5
DA:213,5
DA:214,5
DA:215,5
DA:216,2
DA:217,2
DA:218,5
DA:219,2
DA:220,2
DA:221,5
DA:222,5
DA:223,5
DA:224,5
DA:225,2
DA:226,2
DA:227,5
DA:228,2
DA:229,2
DA:230,5
DA:231,5
DA:232,5
DA:233,1
DA:234,5
DA:235,1
DA:236,1
DA:237,5
DA:238,5
DA:239,4
DA:240,4
DA:241,4
DA:242,4
DA:243,4
DA:244,4
DA:245,1
DA:246,1
DA:247,1
DA:248,5
DA:249,5
DA:250,5
DA:251,5
DA:252,5
DA:253,5
DA:254,5
DA:255,5
DA:256,5
DA:257,5
DA:258,5
DA:259,5
DA:260,1
DA:261,1
DA:262,1
LF:262
LH:262
BRDA:9,0,0,28
BRDA:22,1,0,5
BRDA:22,2,0,21
BRDA:26,3,0,1
BRDA:26,4,0,1
BRDA:26,5,0,1
BRDA:37,6,0,6
BRDA:37,7,0,6
BRDA:40,8,0,1
BRDA:47,9,0,5
BRDA:48,10,0,1
BRDA:55,11,0,4
BRDA:59,12,0,2
BRDA:60,13,0,2
BRDA:75,14,0,2
BRDA:75,15,0,2
BRDA:76,16,0,2
BRDA:82,17,0,1
BRDA:102,18,0,6
BRDA:102,19,0,6
BRDA:114,20,0,1
BRDA:115,21,0,1
BRDA:118,22,0,1
BRDA:121,23,0,5
BRDA:121,24,0,1
BRDA:122,25,0,4
BRDA:123,26,0,1
BRDA:124,27,0,5
BRDA:124,28,0,1
BRDA:127,29,0,5
BRDA:127,30,0,1
BRDA:130,31,0,1
BRDA:130,32,0,1
BRDA:134,33,0,4
BRDA:141,34,0,2
BRDA:144,35,0,2
BRDA:145,36,0,1
BRDA:146,37,0,1
BRDA:147,38,0,0
BRDA:148,39,0,0
BRDA:157,40,0,1
BRDA:175,41,0,2
BRDA:175,42,0,2
BRDA:176,43,0,2
BRDA:182,44,0,1
BRDA:204,45,0,5
BRDA:204,46,0,5
BRDA:215,47,0,4
BRDA:215,48,0,2
BRDA:218,49,0,4
BRDA:218,50,0,2
BRDA:221,51,0,4
BRDA:221,52,0,2
BRDA:222,53,0,3
BRDA:223,54,0,1
BRDA:224,55,0,4
BRDA:224,56,0,2
BRDA:227,57,0,4
BRDA:227,58,0,2
BRDA:231,59,0,2
BRDA:232,60,0,1
BRDA:234,61,0,1
BRDA:238,62,0,4
BRDA:245,63,0,1
BRDA:249,64,0,1
BRDA:250,65,0,1
BRDA:251,66,0,1
BRDA:252,67,0,0
BRDA:253,68,0,0
BRF:69
BRH:65
end_of_record
TN:
SF:src/utils.js
FN:1,Object.<anonymous>
FN:1,isArray
FN:3,isObject
FN:5,toCamel
FN:7,toSnake
FN:9,keysToCamel
FN:27,keysToSnake
FN:45,sleep
FNF:8
FNH:5
FNDA:1,Object.<anonymous>
FNDA:18,isArray
FNDA:20,isObject
FNDA:18,toCamel
FNDA:0,toSnake
FNDA:20,keysToCamel
FNDA:0,keysToSnake
FNDA:0,sleep
DA:1,1
DA:2,1
DA:3,1
DA:4,1
DA:5,1
DA:6,1
DA:7,1
DA:8,1
DA:9,1
DA:10,20
DA:11,2
DA:12,2
DA:13,2
DA:14,18
DA:15,2
DA:16,2
DA:17,2
DA:18,2
DA:19,18
DA:20,20
DA:21,0
DA:22,0
DA:23,18
DA:24,18
DA:25,1
DA:26,1
DA:27,1
DA:28,0
DA:29,0
DA:30,0
DA:31,0
DA:32,0
DA:33,0
DA:34,0
DA:35,0
DA:36,0
DA:37,0
DA:38,0
DA:39,0
DA:40,0
DA:41,0
DA:42,0
DA:43,1
DA:44,1
DA:45,1
DA:46,0
DA:47,1
DA:48,1
DA:49,1
DA:50,1
DA:51,1
DA:52,1
DA:53,1
DA:54,1
DA:55,1
DA:56,1
LF:56
LH:38
BRDA:1,0,0,1
BRDA:1,1,0,1
BRDA:1,2,0,18
BRDA:3,3,0,20
BRDA:5,4,0,18
BRDA:5,5,0,14
BRDA:9,6,0,20
BRDA:10,7,0,2
BRDA:19,8,0,18
BRDA:20,9,0,0
BRDA:23,10,0,18
BRDA:13,11,0,18
BRF:12
BRH:11
end_of_record
TN:
SF:src/db/knexfile.ts
FN:52,getDb
FNF:1
FNH:1
FNDA:1,getDb
DA:1,1
DA:2,1
DA:3,1
DA:4,1
DA:5,1
DA:6,1
DA:7,1
DA:8,1
DA:9,1
DA:10,1
DA:11,1
DA:12,1
DA:13,1
DA:14,1
DA:15,1
DA:16,1
DA:17,1
DA:18,1
DA:19,1
DA:20,1
DA:21,1
DA:22,1
DA:23,1
DA:24,1
DA:25,1
DA:26,1
DA:27,1
DA:28,1
DA:29,1
DA:30,1
DA:31,1
DA:32,1
DA:33,1
DA:34,1
DA:35,1
DA:36,1
DA:37,1
DA:38,1
DA:39,1
DA:40,1
DA:41,1
DA:42,1
DA:43,1
DA:44,1
DA:45,1
DA:46,1
DA:47,1
DA:48,1
DA:49,1
DA:50,1
DA:51,1
DA:52,1
DA:53,1
DA:54,1
DA:55,1
DA:56,1
LF:56
LH:56
BRDA:56,0,0,0
BRDA:52,1,0,1
BRDA:53,2,0,0
BRF:3
BRH:1
end_of_record
